debug: Tue, 06 Sep 2022 07:23:53 GMT
debug: Project: E:\04Project\Cocos\Portal
debug: Targets: editor,preview
debug: Incremental file seems great.
debug: Engine path: E:\00Software\CocosDashboard\resources\.editors\Creator\3.6.0\resources\resources\3d\engine
debug: Initializing target [Editor]
debug: Loading cache
debug: Loading cache costs 1.643500000005588ms.
debug: Engine features shipped in editor: base,gfx-webgl,gfx-webgl2,3d,animation,skeletal-animation,2d,ui,particle,particle-2d,physics-framework,physics-2d-framework,intersection-2d,primitive,profiler,occlusion-query,geometry-renderer,debug-renderer,audio,video,terrain,webview,tween,tiled-map,spine,dragon-bones,marionette,custom-pipeline
debug: Our import map(foo:/bar): {
  "imports": {
    "cc": "cce:/internal/x/cc"
  }
}
debug: Initializing target [Preview]
debug: Loading cache
debug: Loading cache costs 1.5190000000002328ms.
debug: Our import map(foo:/bar): {
  "imports": {
    "cc": "cce:/internal/x/cc"
  }
}
debug: Sync engine features: 2d,3d,animation,audio,base,dragon-bones,gfx-webgl,gfx-webgl2,intersection-2d,marionette,particle,particle-2d,physics-2d-box2d,physics-ammo,primitive,profiler,skeletal-animation,spine,terrain,tiled-map,tween,ui,video,webview
debug: Reset databases. Enumerated domains: [
  {
    "root": "db://internal/",
    "physical": "E:\\00Software\\CocosDashboard\\resources\\.editors\\Creator\\3.6.0\\resources\\resources\\3d\\engine\\editor\\assets"
  },
  {
    "root": "db://assets/",
    "physical": "E:\\04Project\\Cocos\\Portal\\assets"
  }
]
debug: Our import map(foo:/bar): {
  "imports": {
    "cc": "cce:/internal/x/cc",
    "db://internal/": "file:///E:/00Software/CocosDashboard/resources/.editors/Creator/3.6.0/resources/resources/3d/engine/editor/assets/",
    "db://assets/": "file:///E:/04Project/Cocos/Portal/assets/"
  }
}
debug: Our import map(foo:/bar): {
  "imports": {
    "cc": "cce:/internal/x/cc",
    "db://internal/": "file:///E:/00Software/CocosDashboard/resources/.editors/Creator/3.6.0/resources/resources/3d/engine/editor/assets/",
    "db://assets/": "file:///E:/04Project/Cocos/Portal/assets/"
  }
}
debug: Pulling asset-db.
debug: Fetch asset-db cost: 4.951199999981327ms.
debug: Build iteration starts.
Number of accumulated asset changes: 5
Feature changed: false
debug: Target(editor) build started.
debug: Detected change: cce:/internal/x/cc. Last mtime: Thu Jan 01 1970 08:00:12 GMT+0800 (香港标准时间), Current mtime: Thu Jan 01 1970 08:00:06 GMT+0800 (香港标准时间)
debug: Inspect cce:/internal/x/cc
debug: Resolve cce:/internal/x/cc-fu/base from cce:/internal/x/cc as external dependency cce:/internal/x/cc-fu/base.
debug: Resolve cce:/internal/x/cc-fu/gfx-webgl from cce:/internal/x/cc as external dependency cce:/internal/x/cc-fu/gfx-webgl.
debug: Resolve cce:/internal/x/cc-fu/gfx-webgl2 from cce:/internal/x/cc as external dependency cce:/internal/x/cc-fu/gfx-webgl2.
debug: Resolve cce:/internal/x/cc-fu/3d from cce:/internal/x/cc as external dependency cce:/internal/x/cc-fu/3d.
debug: Resolve cce:/internal/x/cc-fu/animation from cce:/internal/x/cc as external dependency cce:/internal/x/cc-fu/animation.
debug: Resolve cce:/internal/x/cc-fu/skeletal-animation from cce:/internal/x/cc as external dependency cce:/internal/x/cc-fu/skeletal-animation.
debug: Resolve cce:/internal/x/cc-fu/2d from cce:/internal/x/cc as external dependency cce:/internal/x/cc-fu/2d.
debug: Resolve cce:/internal/x/cc-fu/ui from cce:/internal/x/cc as external dependency cce:/internal/x/cc-fu/ui.
debug: Resolve cce:/internal/x/cc-fu/particle from cce:/internal/x/cc as external dependency cce:/internal/x/cc-fu/particle.
debug: Resolve cce:/internal/x/cc-fu/particle-2d from cce:/internal/x/cc as external dependency cce:/internal/x/cc-fu/particle-2d.
debug: Resolve cce:/internal/x/cc-fu/physics-framework from cce:/internal/x/cc as external dependency cce:/internal/x/cc-fu/physics-framework.
debug: Resolve cce:/internal/x/cc-fu/physics-2d-framework from cce:/internal/x/cc as external dependency cce:/internal/x/cc-fu/physics-2d-framework.
debug: Resolve cce:/internal/x/cc-fu/intersection-2d from cce:/internal/x/cc as external dependency cce:/internal/x/cc-fu/intersection-2d.
debug: Resolve cce:/internal/x/cc-fu/primitive from cce:/internal/x/cc as external dependency cce:/internal/x/cc-fu/primitive.
debug: Resolve cce:/internal/x/cc-fu/profiler from cce:/internal/x/cc as external dependency cce:/internal/x/cc-fu/profiler.
debug: Resolve cce:/internal/x/cc-fu/geometry-renderer from cce:/internal/x/cc as external dependency cce:/internal/x/cc-fu/geometry-renderer.
debug: Resolve cce:/internal/x/cc-fu/audio from cce:/internal/x/cc as external dependency cce:/internal/x/cc-fu/audio.
debug: Resolve cce:/internal/x/cc-fu/video from cce:/internal/x/cc as external dependency cce:/internal/x/cc-fu/video.
debug: Resolve cce:/internal/x/cc-fu/terrain from cce:/internal/x/cc as external dependency cce:/internal/x/cc-fu/terrain.
debug: Resolve cce:/internal/x/cc-fu/webview from cce:/internal/x/cc as external dependency cce:/internal/x/cc-fu/webview.
debug: Resolve cce:/internal/x/cc-fu/tween from cce:/internal/x/cc as external dependency cce:/internal/x/cc-fu/tween.
debug: Resolve cce:/internal/x/cc-fu/tiled-map from cce:/internal/x/cc as external dependency cce:/internal/x/cc-fu/tiled-map.
debug: Resolve cce:/internal/x/cc-fu/spine from cce:/internal/x/cc as external dependency cce:/internal/x/cc-fu/spine.
debug: Resolve cce:/internal/x/cc-fu/dragon-bones from cce:/internal/x/cc as external dependency cce:/internal/x/cc-fu/dragon-bones.
debug: Resolve cce:/internal/x/cc-fu/custom-pipeline from cce:/internal/x/cc as external dependency cce:/internal/x/cc-fu/custom-pipeline.
debug: Detected change: cce:/internal/x/prerequisite-imports. Last mtime: Thu Jan 01 1970 10:32:17 GMT+0800 (香港标准时间), Current mtime: Thu Jan 01 1970 08:00:06 GMT+0800 (香港标准时间)
debug: Inspect cce:/internal/x/prerequisite-imports
debug: Resolve file:///E:/04Project/Cocos/Portal/assets/script/v2/CamCtrl.ts from cce:/internal/x/prerequisite-imports as file:///E:/04Project/Cocos/Portal/assets/script/v2/CamCtrl.ts.
debug: Resolve cc from file:///E:/04Project/Cocos/Portal/assets/script/v2/CamCtrl.ts as cce:/internal/x/cc.
debug: Resolve cc from file:///E:/04Project/Cocos/Portal/assets/script/v2/CamCtrl.ts as cce:/internal/x/cc.
debug: Resolve cc from file:///E:/04Project/Cocos/Portal/assets/script/v2/CamCtrl.ts as cce:/internal/x/cc.
debug: Resolve file:///E:/04Project/Cocos/Portal/assets/script/v2/Door.ts from cce:/internal/x/prerequisite-imports as file:///E:/04Project/Cocos/Portal/assets/script/v2/Door.ts.
debug: Resolve cc from file:///E:/04Project/Cocos/Portal/assets/script/v2/Door.ts as cce:/internal/x/cc.
debug: Resolve cc from file:///E:/04Project/Cocos/Portal/assets/script/v2/Door.ts as cce:/internal/x/cc.
debug: Resolve cc from file:///E:/04Project/Cocos/Portal/assets/script/v2/Door.ts as cce:/internal/x/cc.
debug: Resolve file:///E:/04Project/Cocos/Portal/assets/script/v2/DoorCtrl.ts from cce:/internal/x/prerequisite-imports as file:///E:/04Project/Cocos/Portal/assets/script/v2/DoorCtrl.ts.
debug: Resolve cce:/internal/code-quality/cr.mjs from file:///E:/04Project/Cocos/Portal/assets/script/v2/DoorCtrl.ts as cce:/internal/code-quality/cr.mjs.
debug: Detected change: cce:/internal/code-quality/cr.mjs. Last mtime: Mon Sep 05 2022 20:47:50 GMT+0800 (香港标准时间), Current mtime: Tue Sep 06 2022 15:23:46 GMT+0800 (香港标准时间)
debug: Inspect cce:/internal/code-quality/cr.mjs
debug: Resolve cc from file:///E:/04Project/Cocos/Portal/assets/script/v2/DoorCtrl.ts as cce:/internal/x/cc.
debug: Resolve cc from file:///E:/04Project/Cocos/Portal/assets/script/v2/DoorCtrl.ts as cce:/internal/x/cc.
debug: Resolve cc from file:///E:/04Project/Cocos/Portal/assets/script/v2/DoorCtrl.ts as cce:/internal/x/cc.
debug: Resolve ./Door from file:///E:/04Project/Cocos/Portal/assets/script/v2/DoorCtrl.ts as file:///E:/04Project/Cocos/Portal/assets/script/v2/Door.ts.
debug: Resolve ./trueDoor from file:///E:/04Project/Cocos/Portal/assets/script/v2/DoorCtrl.ts as file:///E:/04Project/Cocos/Portal/assets/script/v2/trueDoor.ts.
debug: Resolve cce:/internal/code-quality/cr.mjs from file:///E:/04Project/Cocos/Portal/assets/script/v2/trueDoor.ts as cce:/internal/code-quality/cr.mjs.
debug: Resolve cc from file:///E:/04Project/Cocos/Portal/assets/script/v2/trueDoor.ts as cce:/internal/x/cc.
debug: Resolve cc from file:///E:/04Project/Cocos/Portal/assets/script/v2/trueDoor.ts as cce:/internal/x/cc.
debug: Resolve cc from file:///E:/04Project/Cocos/Portal/assets/script/v2/trueDoor.ts as cce:/internal/x/cc.
debug: Resolve ./Door from file:///E:/04Project/Cocos/Portal/assets/script/v2/trueDoor.ts as file:///E:/04Project/Cocos/Portal/assets/script/v2/Door.ts.
debug: Resolve ./DoorCtrl from file:///E:/04Project/Cocos/Portal/assets/script/v2/trueDoor.ts as file:///E:/04Project/Cocos/Portal/assets/script/v2/DoorCtrl.ts.
debug: Resolve ./PlayerCtrl from file:///E:/04Project/Cocos/Portal/assets/script/v2/trueDoor.ts as file:///E:/04Project/Cocos/Portal/assets/script/v2/PlayerCtrl.ts.
debug: Resolve cc from file:///E:/04Project/Cocos/Portal/assets/script/v2/PlayerCtrl.ts as cce:/internal/x/cc.
debug: Resolve cc from file:///E:/04Project/Cocos/Portal/assets/script/v2/PlayerCtrl.ts as cce:/internal/x/cc.
debug: Resolve cc from file:///E:/04Project/Cocos/Portal/assets/script/v2/PlayerCtrl.ts as cce:/internal/x/cc.
debug: Resolve file:///E:/04Project/Cocos/Portal/assets/script/v2/PlayerCtrl.ts from cce:/internal/x/prerequisite-imports as file:///E:/04Project/Cocos/Portal/assets/script/v2/PlayerCtrl.ts.
debug: Resolve file:///E:/04Project/Cocos/Portal/assets/script/v2/trueDoor.ts from cce:/internal/x/prerequisite-imports as file:///E:/04Project/Cocos/Portal/assets/script/v2/trueDoor.ts.
debug: Target(editor) ends with cost 118.60639999998966ms.
debug: Target(preview) build started.
debug: Detected change: cce:/internal/x/cc. Last mtime: Thu Jan 01 1970 08:00:12 GMT+0800 (香港标准时间), Current mtime: Thu Jan 01 1970 08:00:06 GMT+0800 (香港标准时间)
debug: Inspect cce:/internal/x/cc
debug: Resolve cce:/internal/x/cc-fu/2d from cce:/internal/x/cc as external dependency cce:/internal/x/cc-fu/2d.
debug: Resolve cce:/internal/x/cc-fu/3d from cce:/internal/x/cc as external dependency cce:/internal/x/cc-fu/3d.
debug: Resolve cce:/internal/x/cc-fu/animation from cce:/internal/x/cc as external dependency cce:/internal/x/cc-fu/animation.
debug: Resolve cce:/internal/x/cc-fu/audio from cce:/internal/x/cc as external dependency cce:/internal/x/cc-fu/audio.
debug: Resolve cce:/internal/x/cc-fu/base from cce:/internal/x/cc as external dependency cce:/internal/x/cc-fu/base.
debug: Resolve cce:/internal/x/cc-fu/dragon-bones from cce:/internal/x/cc as external dependency cce:/internal/x/cc-fu/dragon-bones.
debug: Resolve cce:/internal/x/cc-fu/gfx-webgl from cce:/internal/x/cc as external dependency cce:/internal/x/cc-fu/gfx-webgl.
debug: Resolve cce:/internal/x/cc-fu/gfx-webgl2 from cce:/internal/x/cc as external dependency cce:/internal/x/cc-fu/gfx-webgl2.
debug: Resolve cce:/internal/x/cc-fu/intersection-2d from cce:/internal/x/cc as external dependency cce:/internal/x/cc-fu/intersection-2d.
debug: Resolve cce:/internal/x/cc-fu/particle from cce:/internal/x/cc as external dependency cce:/internal/x/cc-fu/particle.
debug: Resolve cce:/internal/x/cc-fu/particle-2d from cce:/internal/x/cc as external dependency cce:/internal/x/cc-fu/particle-2d.
debug: Resolve cce:/internal/x/cc-fu/physics-2d-box2d from cce:/internal/x/cc as external dependency cce:/internal/x/cc-fu/physics-2d-box2d.
debug: Resolve cce:/internal/x/cc-fu/physics-2d-framework from cce:/internal/x/cc as external dependency cce:/internal/x/cc-fu/physics-2d-framework.
debug: Resolve cce:/internal/x/cc-fu/physics-ammo from cce:/internal/x/cc as external dependency cce:/internal/x/cc-fu/physics-ammo.
debug: Resolve cce:/internal/x/cc-fu/physics-framework from cce:/internal/x/cc as external dependency cce:/internal/x/cc-fu/physics-framework.
debug: Resolve cce:/internal/x/cc-fu/wait-for-ammo-instantiation from cce:/internal/x/cc as external dependency cce:/internal/x/cc-fu/wait-for-ammo-instantiation.
debug: Resolve cce:/internal/x/cc-fu/primitive from cce:/internal/x/cc as external dependency cce:/internal/x/cc-fu/primitive.
debug: Resolve cce:/internal/x/cc-fu/profiler from cce:/internal/x/cc as external dependency cce:/internal/x/cc-fu/profiler.
debug: Resolve cce:/internal/x/cc-fu/skeletal-animation from cce:/internal/x/cc as external dependency cce:/internal/x/cc-fu/skeletal-animation.
debug: Resolve cce:/internal/x/cc-fu/spine from cce:/internal/x/cc as external dependency cce:/internal/x/cc-fu/spine.
debug: Resolve cce:/internal/x/cc-fu/terrain from cce:/internal/x/cc as external dependency cce:/internal/x/cc-fu/terrain.
debug: Resolve cce:/internal/x/cc-fu/tiled-map from cce:/internal/x/cc as external dependency cce:/internal/x/cc-fu/tiled-map.
debug: Resolve cce:/internal/x/cc-fu/tween from cce:/internal/x/cc as external dependency cce:/internal/x/cc-fu/tween.
debug: Resolve cce:/internal/x/cc-fu/ui from cce:/internal/x/cc as external dependency cce:/internal/x/cc-fu/ui.
debug: Resolve cce:/internal/x/cc-fu/video from cce:/internal/x/cc as external dependency cce:/internal/x/cc-fu/video.
debug: Resolve cce:/internal/x/cc-fu/webview from cce:/internal/x/cc as external dependency cce:/internal/x/cc-fu/webview.
debug: Detected change: cce:/internal/x/prerequisite-imports. Last mtime: Thu Jan 01 1970 10:32:17 GMT+0800 (香港标准时间), Current mtime: Thu Jan 01 1970 08:00:06 GMT+0800 (香港标准时间)
debug: Inspect cce:/internal/x/prerequisite-imports
debug: Resolve file:///E:/04Project/Cocos/Portal/assets/script/v2/CamCtrl.ts from cce:/internal/x/prerequisite-imports as file:///E:/04Project/Cocos/Portal/assets/script/v2/CamCtrl.ts.
debug: Resolve cc from file:///E:/04Project/Cocos/Portal/assets/script/v2/CamCtrl.ts as cce:/internal/x/cc.
debug: Resolve cc from file:///E:/04Project/Cocos/Portal/assets/script/v2/CamCtrl.ts as cce:/internal/x/cc.
debug: Resolve cc from file:///E:/04Project/Cocos/Portal/assets/script/v2/CamCtrl.ts as cce:/internal/x/cc.
debug: Resolve file:///E:/04Project/Cocos/Portal/assets/script/v2/Door.ts from cce:/internal/x/prerequisite-imports as file:///E:/04Project/Cocos/Portal/assets/script/v2/Door.ts.
debug: Resolve cc from file:///E:/04Project/Cocos/Portal/assets/script/v2/Door.ts as cce:/internal/x/cc.
debug: Resolve cc from file:///E:/04Project/Cocos/Portal/assets/script/v2/Door.ts as cce:/internal/x/cc.
debug: Resolve cc from file:///E:/04Project/Cocos/Portal/assets/script/v2/Door.ts as cce:/internal/x/cc.
debug: Resolve file:///E:/04Project/Cocos/Portal/assets/script/v2/DoorCtrl.ts from cce:/internal/x/prerequisite-imports as file:///E:/04Project/Cocos/Portal/assets/script/v2/DoorCtrl.ts.
debug: Resolve cce:/internal/code-quality/cr.mjs from file:///E:/04Project/Cocos/Portal/assets/script/v2/DoorCtrl.ts as cce:/internal/code-quality/cr.mjs.
debug: Detected change: cce:/internal/code-quality/cr.mjs. Last mtime: Mon Sep 05 2022 20:47:50 GMT+0800 (香港标准时间), Current mtime: Tue Sep 06 2022 15:23:46 GMT+0800 (香港标准时间)
debug: Inspect cce:/internal/code-quality/cr.mjs
debug: Resolve cc from file:///E:/04Project/Cocos/Portal/assets/script/v2/DoorCtrl.ts as cce:/internal/x/cc.
debug: Resolve cc from file:///E:/04Project/Cocos/Portal/assets/script/v2/DoorCtrl.ts as cce:/internal/x/cc.
debug: Resolve cc from file:///E:/04Project/Cocos/Portal/assets/script/v2/DoorCtrl.ts as cce:/internal/x/cc.
debug: Resolve ./Door from file:///E:/04Project/Cocos/Portal/assets/script/v2/DoorCtrl.ts as file:///E:/04Project/Cocos/Portal/assets/script/v2/Door.ts.
debug: Resolve ./trueDoor from file:///E:/04Project/Cocos/Portal/assets/script/v2/DoorCtrl.ts as file:///E:/04Project/Cocos/Portal/assets/script/v2/trueDoor.ts.
debug: Resolve cce:/internal/code-quality/cr.mjs from file:///E:/04Project/Cocos/Portal/assets/script/v2/trueDoor.ts as cce:/internal/code-quality/cr.mjs.
debug: Resolve cc from file:///E:/04Project/Cocos/Portal/assets/script/v2/trueDoor.ts as cce:/internal/x/cc.
debug: Resolve cc from file:///E:/04Project/Cocos/Portal/assets/script/v2/trueDoor.ts as cce:/internal/x/cc.
debug: Resolve cc from file:///E:/04Project/Cocos/Portal/assets/script/v2/trueDoor.ts as cce:/internal/x/cc.
debug: Resolve ./Door from file:///E:/04Project/Cocos/Portal/assets/script/v2/trueDoor.ts as file:///E:/04Project/Cocos/Portal/assets/script/v2/Door.ts.
debug: Resolve ./DoorCtrl from file:///E:/04Project/Cocos/Portal/assets/script/v2/trueDoor.ts as file:///E:/04Project/Cocos/Portal/assets/script/v2/DoorCtrl.ts.
debug: Resolve ./PlayerCtrl from file:///E:/04Project/Cocos/Portal/assets/script/v2/trueDoor.ts as file:///E:/04Project/Cocos/Portal/assets/script/v2/PlayerCtrl.ts.
debug: Resolve cc from file:///E:/04Project/Cocos/Portal/assets/script/v2/PlayerCtrl.ts as cce:/internal/x/cc.
debug: Resolve cc from file:///E:/04Project/Cocos/Portal/assets/script/v2/PlayerCtrl.ts as cce:/internal/x/cc.
debug: Resolve cc from file:///E:/04Project/Cocos/Portal/assets/script/v2/PlayerCtrl.ts as cce:/internal/x/cc.
debug: Resolve file:///E:/04Project/Cocos/Portal/assets/script/v2/PlayerCtrl.ts from cce:/internal/x/prerequisite-imports as file:///E:/04Project/Cocos/Portal/assets/script/v2/PlayerCtrl.ts.
debug: Resolve file:///E:/04Project/Cocos/Portal/assets/script/v2/trueDoor.ts from cce:/internal/x/prerequisite-imports as file:///E:/04Project/Cocos/Portal/assets/script/v2/trueDoor.ts.
debug: Target(preview) ends with cost 110.40690000000177ms.
debug: Pulling asset-db.
debug: Fetch asset-db cost: 12.783999999985099ms.
debug: Build iteration starts.
Number of accumulated asset changes: 5
Feature changed: false
debug: Target(editor) build started.
debug: Detected change: cce:/internal/x/prerequisite-imports. Last mtime: Thu Jan 01 1970 08:00:06 GMT+0800 (香港标准时间), Current mtime: Thu Jan 01 1970 08:00:07 GMT+0800 (香港标准时间)
debug: Inspect cce:/internal/x/prerequisite-imports
debug: Resolve file:///E:/04Project/Cocos/Portal/assets/script/v2/CamCtrl.ts from cce:/internal/x/prerequisite-imports as file:///E:/04Project/Cocos/Portal/assets/script/v2/CamCtrl.ts.
debug: Resolve file:///E:/04Project/Cocos/Portal/assets/script/v2/Door.ts from cce:/internal/x/prerequisite-imports as file:///E:/04Project/Cocos/Portal/assets/script/v2/Door.ts.
debug: Resolve file:///E:/04Project/Cocos/Portal/assets/script/v2/DoorCtrl.ts from cce:/internal/x/prerequisite-imports as file:///E:/04Project/Cocos/Portal/assets/script/v2/DoorCtrl.ts.
debug: Resolve file:///E:/04Project/Cocos/Portal/assets/script/v2/PlayerCtrl.ts from cce:/internal/x/prerequisite-imports as file:///E:/04Project/Cocos/Portal/assets/script/v2/PlayerCtrl.ts.
debug: Resolve file:///E:/04Project/Cocos/Portal/assets/script/v2/trueDoor.ts from cce:/internal/x/prerequisite-imports as file:///E:/04Project/Cocos/Portal/assets/script/v2/trueDoor.ts.
debug: Target(editor) ends with cost 33.64440000001923ms.
debug: Target(preview) build started.
debug: Detected change: cce:/internal/x/prerequisite-imports. Last mtime: Thu Jan 01 1970 08:00:06 GMT+0800 (香港标准时间), Current mtime: Thu Jan 01 1970 08:00:07 GMT+0800 (香港标准时间)
debug: Inspect cce:/internal/x/prerequisite-imports
debug: Resolve file:///E:/04Project/Cocos/Portal/assets/script/v2/CamCtrl.ts from cce:/internal/x/prerequisite-imports as file:///E:/04Project/Cocos/Portal/assets/script/v2/CamCtrl.ts.
debug: Resolve file:///E:/04Project/Cocos/Portal/assets/script/v2/Door.ts from cce:/internal/x/prerequisite-imports as file:///E:/04Project/Cocos/Portal/assets/script/v2/Door.ts.
debug: Resolve file:///E:/04Project/Cocos/Portal/assets/script/v2/DoorCtrl.ts from cce:/internal/x/prerequisite-imports as file:///E:/04Project/Cocos/Portal/assets/script/v2/DoorCtrl.ts.
debug: Resolve file:///E:/04Project/Cocos/Portal/assets/script/v2/PlayerCtrl.ts from cce:/internal/x/prerequisite-imports as file:///E:/04Project/Cocos/Portal/assets/script/v2/PlayerCtrl.ts.
debug: Resolve file:///E:/04Project/Cocos/Portal/assets/script/v2/trueDoor.ts from cce:/internal/x/prerequisite-imports as file:///E:/04Project/Cocos/Portal/assets/script/v2/trueDoor.ts.
debug: Target(preview) ends with cost 34.50539999999455ms.
debug: Dispatch build request for time accumulated 1 asset changes.
debug: Build iteration starts.
Number of accumulated asset changes: 1
Feature changed: false
debug: Target(editor) build started.
debug: Detected change: cce:/internal/x/prerequisite-imports. Last mtime: Thu Jan 01 1970 08:00:07 GMT+0800 (香港标准时间), Current mtime: Thu Jan 01 1970 08:39:06 GMT+0800 (香港标准时间)
debug: Inspect cce:/internal/x/prerequisite-imports
debug: Resolve file:///E:/04Project/Cocos/Portal/assets/script/v2/CamCtrl.ts from cce:/internal/x/prerequisite-imports as file:///E:/04Project/Cocos/Portal/assets/script/v2/CamCtrl.ts.
debug: Resolve file:///E:/04Project/Cocos/Portal/assets/script/v2/Door.ts from cce:/internal/x/prerequisite-imports as file:///E:/04Project/Cocos/Portal/assets/script/v2/Door.ts.
debug: Resolve file:///E:/04Project/Cocos/Portal/assets/script/v2/DoorCtrl.ts from cce:/internal/x/prerequisite-imports as file:///E:/04Project/Cocos/Portal/assets/script/v2/DoorCtrl.ts.
debug: Detected change: file:///E:/04Project/Cocos/Portal/assets/script/v2/DoorCtrl.ts. Last mtime: Mon Sep 05 2022 21:20:07 GMT+0800 (香港标准时间)@07043080-035c-4896-9fca-a37d6b4a5de1, Current mtime: Tue Sep 06 2022 16:02:50 GMT+0800 (香港标准时间)@07043080-035c-4896-9fca-a37d6b4a5de1
debug: Inspect file:///E:/04Project/Cocos/Portal/assets/script/v2/DoorCtrl.ts
debug: Resolve cce:/internal/code-quality/cr.mjs from file:///E:/04Project/Cocos/Portal/assets/script/v2/DoorCtrl.ts as cce:/internal/code-quality/cr.mjs.
debug: Resolve cc from file:///E:/04Project/Cocos/Portal/assets/script/v2/DoorCtrl.ts as cce:/internal/x/cc.
debug: Resolve cc from file:///E:/04Project/Cocos/Portal/assets/script/v2/DoorCtrl.ts as cce:/internal/x/cc.
debug: Resolve cc from file:///E:/04Project/Cocos/Portal/assets/script/v2/DoorCtrl.ts as cce:/internal/x/cc.
debug: Resolve ./Door from file:///E:/04Project/Cocos/Portal/assets/script/v2/DoorCtrl.ts as file:///E:/04Project/Cocos/Portal/assets/script/v2/Door.ts.
debug: Resolve ./trueDoor from file:///E:/04Project/Cocos/Portal/assets/script/v2/DoorCtrl.ts as file:///E:/04Project/Cocos/Portal/assets/script/v2/trueDoor.ts.
debug: Resolve file:///E:/04Project/Cocos/Portal/assets/script/v2/PlayerCtrl.ts from cce:/internal/x/prerequisite-imports as file:///E:/04Project/Cocos/Portal/assets/script/v2/PlayerCtrl.ts.
debug: Resolve file:///E:/04Project/Cocos/Portal/assets/script/v2/trueDoor.ts from cce:/internal/x/prerequisite-imports as file:///E:/04Project/Cocos/Portal/assets/script/v2/trueDoor.ts.
debug: Target(editor) ends with cost 181.43390000006184ms.
debug: Target(preview) build started.
debug: Detected change: cce:/internal/x/prerequisite-imports. Last mtime: Thu Jan 01 1970 08:00:07 GMT+0800 (香港标准时间), Current mtime: Thu Jan 01 1970 08:39:06 GMT+0800 (香港标准时间)
debug: Inspect cce:/internal/x/prerequisite-imports
debug: Resolve file:///E:/04Project/Cocos/Portal/assets/script/v2/CamCtrl.ts from cce:/internal/x/prerequisite-imports as file:///E:/04Project/Cocos/Portal/assets/script/v2/CamCtrl.ts.
debug: Resolve file:///E:/04Project/Cocos/Portal/assets/script/v2/Door.ts from cce:/internal/x/prerequisite-imports as file:///E:/04Project/Cocos/Portal/assets/script/v2/Door.ts.
debug: Resolve file:///E:/04Project/Cocos/Portal/assets/script/v2/DoorCtrl.ts from cce:/internal/x/prerequisite-imports as file:///E:/04Project/Cocos/Portal/assets/script/v2/DoorCtrl.ts.
debug: Detected change: file:///E:/04Project/Cocos/Portal/assets/script/v2/DoorCtrl.ts. Last mtime: Mon Sep 05 2022 21:20:07 GMT+0800 (香港标准时间)@07043080-035c-4896-9fca-a37d6b4a5de1, Current mtime: Tue Sep 06 2022 16:02:50 GMT+0800 (香港标准时间)@07043080-035c-4896-9fca-a37d6b4a5de1
debug: Inspect file:///E:/04Project/Cocos/Portal/assets/script/v2/DoorCtrl.ts
debug: Resolve cce:/internal/code-quality/cr.mjs from file:///E:/04Project/Cocos/Portal/assets/script/v2/DoorCtrl.ts as cce:/internal/code-quality/cr.mjs.
debug: Resolve cc from file:///E:/04Project/Cocos/Portal/assets/script/v2/DoorCtrl.ts as cce:/internal/x/cc.
debug: Resolve cc from file:///E:/04Project/Cocos/Portal/assets/script/v2/DoorCtrl.ts as cce:/internal/x/cc.
debug: Resolve cc from file:///E:/04Project/Cocos/Portal/assets/script/v2/DoorCtrl.ts as cce:/internal/x/cc.
debug: Resolve ./Door from file:///E:/04Project/Cocos/Portal/assets/script/v2/DoorCtrl.ts as file:///E:/04Project/Cocos/Portal/assets/script/v2/Door.ts.
debug: Resolve ./trueDoor from file:///E:/04Project/Cocos/Portal/assets/script/v2/DoorCtrl.ts as file:///E:/04Project/Cocos/Portal/assets/script/v2/trueDoor.ts.
debug: Resolve file:///E:/04Project/Cocos/Portal/assets/script/v2/PlayerCtrl.ts from cce:/internal/x/prerequisite-imports as file:///E:/04Project/Cocos/Portal/assets/script/v2/PlayerCtrl.ts.
debug: Resolve file:///E:/04Project/Cocos/Portal/assets/script/v2/trueDoor.ts from cce:/internal/x/prerequisite-imports as file:///E:/04Project/Cocos/Portal/assets/script/v2/trueDoor.ts.
debug: Target(preview) ends with cost 123.48950000014156ms.
debug: Dispatch build request for time accumulated 1 asset changes.
debug: Build iteration starts.
Number of accumulated asset changes: 1
Feature changed: false
debug: Target(editor) build started.
debug: Detected change: cce:/internal/x/prerequisite-imports. Last mtime: Thu Jan 01 1970 08:39:06 GMT+0800 (香港标准时间), Current mtime: Thu Jan 01 1970 08:43:03 GMT+0800 (香港标准时间)
debug: Inspect cce:/internal/x/prerequisite-imports
debug: Resolve file:///E:/04Project/Cocos/Portal/assets/script/v2/CamCtrl.ts from cce:/internal/x/prerequisite-imports as file:///E:/04Project/Cocos/Portal/assets/script/v2/CamCtrl.ts.
debug: Resolve file:///E:/04Project/Cocos/Portal/assets/script/v2/Door.ts from cce:/internal/x/prerequisite-imports as file:///E:/04Project/Cocos/Portal/assets/script/v2/Door.ts.
debug: Resolve file:///E:/04Project/Cocos/Portal/assets/script/v2/DoorCtrl.ts from cce:/internal/x/prerequisite-imports as file:///E:/04Project/Cocos/Portal/assets/script/v2/DoorCtrl.ts.
debug: Detected change: file:///E:/04Project/Cocos/Portal/assets/script/v2/DoorCtrl.ts. Last mtime: Tue Sep 06 2022 16:02:50 GMT+0800 (香港标准时间)@07043080-035c-4896-9fca-a37d6b4a5de1, Current mtime: Tue Sep 06 2022 16:06:48 GMT+0800 (香港标准时间)@07043080-035c-4896-9fca-a37d6b4a5de1
debug: Inspect file:///E:/04Project/Cocos/Portal/assets/script/v2/DoorCtrl.ts
debug: Resolve cce:/internal/code-quality/cr.mjs from file:///E:/04Project/Cocos/Portal/assets/script/v2/DoorCtrl.ts as cce:/internal/code-quality/cr.mjs.
debug: Resolve cc from file:///E:/04Project/Cocos/Portal/assets/script/v2/DoorCtrl.ts as cce:/internal/x/cc.
debug: Resolve cc from file:///E:/04Project/Cocos/Portal/assets/script/v2/DoorCtrl.ts as cce:/internal/x/cc.
debug: Resolve cc from file:///E:/04Project/Cocos/Portal/assets/script/v2/DoorCtrl.ts as cce:/internal/x/cc.
debug: Resolve ./Door from file:///E:/04Project/Cocos/Portal/assets/script/v2/DoorCtrl.ts as file:///E:/04Project/Cocos/Portal/assets/script/v2/Door.ts.
debug: Resolve ./trueDoor from file:///E:/04Project/Cocos/Portal/assets/script/v2/DoorCtrl.ts as file:///E:/04Project/Cocos/Portal/assets/script/v2/trueDoor.ts.
debug: Resolve file:///E:/04Project/Cocos/Portal/assets/script/v2/PlayerCtrl.ts from cce:/internal/x/prerequisite-imports as file:///E:/04Project/Cocos/Portal/assets/script/v2/PlayerCtrl.ts.
debug: Resolve file:///E:/04Project/Cocos/Portal/assets/script/v2/trueDoor.ts from cce:/internal/x/prerequisite-imports as file:///E:/04Project/Cocos/Portal/assets/script/v2/trueDoor.ts.
debug: Target(editor) ends with cost 92.81119999988005ms.
debug: Target(preview) build started.
debug: Detected change: cce:/internal/x/prerequisite-imports. Last mtime: Thu Jan 01 1970 08:39:06 GMT+0800 (香港标准时间), Current mtime: Thu Jan 01 1970 08:43:03 GMT+0800 (香港标准时间)
debug: Inspect cce:/internal/x/prerequisite-imports
debug: Resolve file:///E:/04Project/Cocos/Portal/assets/script/v2/CamCtrl.ts from cce:/internal/x/prerequisite-imports as file:///E:/04Project/Cocos/Portal/assets/script/v2/CamCtrl.ts.
debug: Resolve file:///E:/04Project/Cocos/Portal/assets/script/v2/Door.ts from cce:/internal/x/prerequisite-imports as file:///E:/04Project/Cocos/Portal/assets/script/v2/Door.ts.
debug: Resolve file:///E:/04Project/Cocos/Portal/assets/script/v2/DoorCtrl.ts from cce:/internal/x/prerequisite-imports as file:///E:/04Project/Cocos/Portal/assets/script/v2/DoorCtrl.ts.
debug: Detected change: file:///E:/04Project/Cocos/Portal/assets/script/v2/DoorCtrl.ts. Last mtime: Tue Sep 06 2022 16:02:50 GMT+0800 (香港标准时间)@07043080-035c-4896-9fca-a37d6b4a5de1, Current mtime: Tue Sep 06 2022 16:06:48 GMT+0800 (香港标准时间)@07043080-035c-4896-9fca-a37d6b4a5de1
debug: Inspect file:///E:/04Project/Cocos/Portal/assets/script/v2/DoorCtrl.ts
debug: Resolve cce:/internal/code-quality/cr.mjs from file:///E:/04Project/Cocos/Portal/assets/script/v2/DoorCtrl.ts as cce:/internal/code-quality/cr.mjs.
debug: Resolve cc from file:///E:/04Project/Cocos/Portal/assets/script/v2/DoorCtrl.ts as cce:/internal/x/cc.
debug: Resolve cc from file:///E:/04Project/Cocos/Portal/assets/script/v2/DoorCtrl.ts as cce:/internal/x/cc.
debug: Resolve cc from file:///E:/04Project/Cocos/Portal/assets/script/v2/DoorCtrl.ts as cce:/internal/x/cc.
debug: Resolve ./Door from file:///E:/04Project/Cocos/Portal/assets/script/v2/DoorCtrl.ts as file:///E:/04Project/Cocos/Portal/assets/script/v2/Door.ts.
debug: Resolve ./trueDoor from file:///E:/04Project/Cocos/Portal/assets/script/v2/DoorCtrl.ts as file:///E:/04Project/Cocos/Portal/assets/script/v2/trueDoor.ts.
debug: Resolve file:///E:/04Project/Cocos/Portal/assets/script/v2/PlayerCtrl.ts from cce:/internal/x/prerequisite-imports as file:///E:/04Project/Cocos/Portal/assets/script/v2/PlayerCtrl.ts.
debug: Resolve file:///E:/04Project/Cocos/Portal/assets/script/v2/trueDoor.ts from cce:/internal/x/prerequisite-imports as file:///E:/04Project/Cocos/Portal/assets/script/v2/trueDoor.ts.
debug: Target(preview) ends with cost 90.60980000020936ms.
debug: Dispatch build request for time accumulated 1 asset changes.
debug: Build iteration starts.
Number of accumulated asset changes: 1
Feature changed: false
debug: Target(editor) build started.
debug: Detected change: cce:/internal/x/prerequisite-imports. Last mtime: Thu Jan 01 1970 08:43:03 GMT+0800 (香港标准时间), Current mtime: Thu Jan 01 1970 08:43:27 GMT+0800 (香港标准时间)
debug: Inspect cce:/internal/x/prerequisite-imports
debug: Resolve file:///E:/04Project/Cocos/Portal/assets/script/v2/CamCtrl.ts from cce:/internal/x/prerequisite-imports as file:///E:/04Project/Cocos/Portal/assets/script/v2/CamCtrl.ts.
debug: Resolve file:///E:/04Project/Cocos/Portal/assets/script/v2/Door.ts from cce:/internal/x/prerequisite-imports as file:///E:/04Project/Cocos/Portal/assets/script/v2/Door.ts.
debug: Resolve file:///E:/04Project/Cocos/Portal/assets/script/v2/DoorCtrl.ts from cce:/internal/x/prerequisite-imports as file:///E:/04Project/Cocos/Portal/assets/script/v2/DoorCtrl.ts.
debug: Detected change: file:///E:/04Project/Cocos/Portal/assets/script/v2/DoorCtrl.ts. Last mtime: Tue Sep 06 2022 16:06:48 GMT+0800 (香港标准时间)@07043080-035c-4896-9fca-a37d6b4a5de1, Current mtime: Tue Sep 06 2022 16:07:12 GMT+0800 (香港标准时间)@07043080-035c-4896-9fca-a37d6b4a5de1
debug: Inspect file:///E:/04Project/Cocos/Portal/assets/script/v2/DoorCtrl.ts
debug: Resolve cce:/internal/code-quality/cr.mjs from file:///E:/04Project/Cocos/Portal/assets/script/v2/DoorCtrl.ts as cce:/internal/code-quality/cr.mjs.
debug: Resolve cc from file:///E:/04Project/Cocos/Portal/assets/script/v2/DoorCtrl.ts as cce:/internal/x/cc.
debug: Resolve cc from file:///E:/04Project/Cocos/Portal/assets/script/v2/DoorCtrl.ts as cce:/internal/x/cc.
debug: Resolve cc from file:///E:/04Project/Cocos/Portal/assets/script/v2/DoorCtrl.ts as cce:/internal/x/cc.
debug: Resolve ./Door from file:///E:/04Project/Cocos/Portal/assets/script/v2/DoorCtrl.ts as file:///E:/04Project/Cocos/Portal/assets/script/v2/Door.ts.
debug: Resolve ./trueDoor from file:///E:/04Project/Cocos/Portal/assets/script/v2/DoorCtrl.ts as file:///E:/04Project/Cocos/Portal/assets/script/v2/trueDoor.ts.
debug: Resolve file:///E:/04Project/Cocos/Portal/assets/script/v2/PlayerCtrl.ts from cce:/internal/x/prerequisite-imports as file:///E:/04Project/Cocos/Portal/assets/script/v2/PlayerCtrl.ts.
debug: Resolve file:///E:/04Project/Cocos/Portal/assets/script/v2/trueDoor.ts from cce:/internal/x/prerequisite-imports as file:///E:/04Project/Cocos/Portal/assets/script/v2/trueDoor.ts.
debug: Target(editor) ends with cost 90.39140000008047ms.
debug: Target(preview) build started.
debug: Detected change: cce:/internal/x/prerequisite-imports. Last mtime: Thu Jan 01 1970 08:43:03 GMT+0800 (香港标准时间), Current mtime: Thu Jan 01 1970 08:43:27 GMT+0800 (香港标准时间)
debug: Inspect cce:/internal/x/prerequisite-imports
debug: Resolve file:///E:/04Project/Cocos/Portal/assets/script/v2/CamCtrl.ts from cce:/internal/x/prerequisite-imports as file:///E:/04Project/Cocos/Portal/assets/script/v2/CamCtrl.ts.
debug: Resolve file:///E:/04Project/Cocos/Portal/assets/script/v2/Door.ts from cce:/internal/x/prerequisite-imports as file:///E:/04Project/Cocos/Portal/assets/script/v2/Door.ts.
debug: Resolve file:///E:/04Project/Cocos/Portal/assets/script/v2/DoorCtrl.ts from cce:/internal/x/prerequisite-imports as file:///E:/04Project/Cocos/Portal/assets/script/v2/DoorCtrl.ts.
debug: Detected change: file:///E:/04Project/Cocos/Portal/assets/script/v2/DoorCtrl.ts. Last mtime: Tue Sep 06 2022 16:06:48 GMT+0800 (香港标准时间)@07043080-035c-4896-9fca-a37d6b4a5de1, Current mtime: Tue Sep 06 2022 16:07:12 GMT+0800 (香港标准时间)@07043080-035c-4896-9fca-a37d6b4a5de1
debug: Inspect file:///E:/04Project/Cocos/Portal/assets/script/v2/DoorCtrl.ts
debug: Resolve cce:/internal/code-quality/cr.mjs from file:///E:/04Project/Cocos/Portal/assets/script/v2/DoorCtrl.ts as cce:/internal/code-quality/cr.mjs.
debug: Resolve cc from file:///E:/04Project/Cocos/Portal/assets/script/v2/DoorCtrl.ts as cce:/internal/x/cc.
debug: Resolve cc from file:///E:/04Project/Cocos/Portal/assets/script/v2/DoorCtrl.ts as cce:/internal/x/cc.
debug: Resolve cc from file:///E:/04Project/Cocos/Portal/assets/script/v2/DoorCtrl.ts as cce:/internal/x/cc.
debug: Resolve ./Door from file:///E:/04Project/Cocos/Portal/assets/script/v2/DoorCtrl.ts as file:///E:/04Project/Cocos/Portal/assets/script/v2/Door.ts.
debug: Resolve ./trueDoor from file:///E:/04Project/Cocos/Portal/assets/script/v2/DoorCtrl.ts as file:///E:/04Project/Cocos/Portal/assets/script/v2/trueDoor.ts.
debug: Resolve file:///E:/04Project/Cocos/Portal/assets/script/v2/PlayerCtrl.ts from cce:/internal/x/prerequisite-imports as file:///E:/04Project/Cocos/Portal/assets/script/v2/PlayerCtrl.ts.
debug: Resolve file:///E:/04Project/Cocos/Portal/assets/script/v2/trueDoor.ts from cce:/internal/x/prerequisite-imports as file:///E:/04Project/Cocos/Portal/assets/script/v2/trueDoor.ts.
debug: Target(preview) ends with cost 140.94420000026003ms.
debug: Dispatch build request for time accumulated 2 asset changes.
debug: Build iteration starts.
Number of accumulated asset changes: 2
Feature changed: false
debug: Target(editor) build started.
debug: Detected change: cce:/internal/x/prerequisite-imports. Last mtime: Thu Jan 01 1970 08:43:27 GMT+0800 (香港标准时间), Current mtime: Thu Jan 01 1970 08:43:54 GMT+0800 (香港标准时间)
debug: Inspect cce:/internal/x/prerequisite-imports
debug: Resolve file:///E:/04Project/Cocos/Portal/assets/script/v2/CamCtrl.ts from cce:/internal/x/prerequisite-imports as file:///E:/04Project/Cocos/Portal/assets/script/v2/CamCtrl.ts.
debug: Resolve file:///E:/04Project/Cocos/Portal/assets/script/v2/Door.ts from cce:/internal/x/prerequisite-imports as file:///E:/04Project/Cocos/Portal/assets/script/v2/Door.ts.
debug: Detected change: file:///E:/04Project/Cocos/Portal/assets/script/v2/Door.ts. Last mtime: Mon Sep 05 2022 21:17:49 GMT+0800 (香港标准时间)@1b8e2cb9-52a5-42f7-a368-859194acc286, Current mtime: Tue Sep 06 2022 16:07:36 GMT+0800 (香港标准时间)@1b8e2cb9-52a5-42f7-a368-859194acc286
debug: Inspect file:///E:/04Project/Cocos/Portal/assets/script/v2/Door.ts
debug: Resolve cc from file:///E:/04Project/Cocos/Portal/assets/script/v2/Door.ts as cce:/internal/x/cc.
debug: Resolve cc from file:///E:/04Project/Cocos/Portal/assets/script/v2/Door.ts as cce:/internal/x/cc.
debug: Resolve cc from file:///E:/04Project/Cocos/Portal/assets/script/v2/Door.ts as cce:/internal/x/cc.
debug: Resolve file:///E:/04Project/Cocos/Portal/assets/script/v2/DoorCtrl.ts from cce:/internal/x/prerequisite-imports as file:///E:/04Project/Cocos/Portal/assets/script/v2/DoorCtrl.ts.
debug: Detected change: file:///E:/04Project/Cocos/Portal/assets/script/v2/DoorCtrl.ts. Last mtime: Tue Sep 06 2022 16:07:12 GMT+0800 (香港标准时间)@07043080-035c-4896-9fca-a37d6b4a5de1, Current mtime: Tue Sep 06 2022 16:07:40 GMT+0800 (香港标准时间)@07043080-035c-4896-9fca-a37d6b4a5de1
debug: Inspect file:///E:/04Project/Cocos/Portal/assets/script/v2/DoorCtrl.ts
debug: Resolve cce:/internal/code-quality/cr.mjs from file:///E:/04Project/Cocos/Portal/assets/script/v2/DoorCtrl.ts as cce:/internal/code-quality/cr.mjs.
debug: Resolve cc from file:///E:/04Project/Cocos/Portal/assets/script/v2/DoorCtrl.ts as cce:/internal/x/cc.
debug: Resolve cc from file:///E:/04Project/Cocos/Portal/assets/script/v2/DoorCtrl.ts as cce:/internal/x/cc.
debug: Resolve cc from file:///E:/04Project/Cocos/Portal/assets/script/v2/DoorCtrl.ts as cce:/internal/x/cc.
debug: Resolve ./Door from file:///E:/04Project/Cocos/Portal/assets/script/v2/DoorCtrl.ts as file:///E:/04Project/Cocos/Portal/assets/script/v2/Door.ts.
debug: Resolve ./trueDoor from file:///E:/04Project/Cocos/Portal/assets/script/v2/DoorCtrl.ts as file:///E:/04Project/Cocos/Portal/assets/script/v2/trueDoor.ts.
debug: Resolve file:///E:/04Project/Cocos/Portal/assets/script/v2/PlayerCtrl.ts from cce:/internal/x/prerequisite-imports as file:///E:/04Project/Cocos/Portal/assets/script/v2/PlayerCtrl.ts.
debug: Resolve file:///E:/04Project/Cocos/Portal/assets/script/v2/trueDoor.ts from cce:/internal/x/prerequisite-imports as file:///E:/04Project/Cocos/Portal/assets/script/v2/trueDoor.ts.
debug: Target(editor) ends with cost 139.36899999994785ms.
debug: Target(preview) build started.
debug: Detected change: cce:/internal/x/prerequisite-imports. Last mtime: Thu Jan 01 1970 08:43:27 GMT+0800 (香港标准时间), Current mtime: Thu Jan 01 1970 08:43:55 GMT+0800 (香港标准时间)
debug: Inspect cce:/internal/x/prerequisite-imports
debug: Resolve file:///E:/04Project/Cocos/Portal/assets/script/v2/CamCtrl.ts from cce:/internal/x/prerequisite-imports as file:///E:/04Project/Cocos/Portal/assets/script/v2/CamCtrl.ts.
debug: Resolve file:///E:/04Project/Cocos/Portal/assets/script/v2/Door.ts from cce:/internal/x/prerequisite-imports as file:///E:/04Project/Cocos/Portal/assets/script/v2/Door.ts.
debug: Detected change: file:///E:/04Project/Cocos/Portal/assets/script/v2/Door.ts. Last mtime: Mon Sep 05 2022 21:17:49 GMT+0800 (香港标准时间)@1b8e2cb9-52a5-42f7-a368-859194acc286, Current mtime: Tue Sep 06 2022 16:07:36 GMT+0800 (香港标准时间)@1b8e2cb9-52a5-42f7-a368-859194acc286
debug: Inspect file:///E:/04Project/Cocos/Portal/assets/script/v2/Door.ts
debug: Resolve cc from file:///E:/04Project/Cocos/Portal/assets/script/v2/Door.ts as cce:/internal/x/cc.
debug: Resolve cc from file:///E:/04Project/Cocos/Portal/assets/script/v2/Door.ts as cce:/internal/x/cc.
debug: Resolve cc from file:///E:/04Project/Cocos/Portal/assets/script/v2/Door.ts as cce:/internal/x/cc.
debug: Resolve file:///E:/04Project/Cocos/Portal/assets/script/v2/DoorCtrl.ts from cce:/internal/x/prerequisite-imports as file:///E:/04Project/Cocos/Portal/assets/script/v2/DoorCtrl.ts.
debug: Detected change: file:///E:/04Project/Cocos/Portal/assets/script/v2/DoorCtrl.ts. Last mtime: Tue Sep 06 2022 16:07:12 GMT+0800 (香港标准时间)@07043080-035c-4896-9fca-a37d6b4a5de1, Current mtime: Tue Sep 06 2022 16:07:40 GMT+0800 (香港标准时间)@07043080-035c-4896-9fca-a37d6b4a5de1
debug: Inspect file:///E:/04Project/Cocos/Portal/assets/script/v2/DoorCtrl.ts
debug: Resolve cce:/internal/code-quality/cr.mjs from file:///E:/04Project/Cocos/Portal/assets/script/v2/DoorCtrl.ts as cce:/internal/code-quality/cr.mjs.
debug: Resolve cc from file:///E:/04Project/Cocos/Portal/assets/script/v2/DoorCtrl.ts as cce:/internal/x/cc.
debug: Resolve cc from file:///E:/04Project/Cocos/Portal/assets/script/v2/DoorCtrl.ts as cce:/internal/x/cc.
debug: Resolve cc from file:///E:/04Project/Cocos/Portal/assets/script/v2/DoorCtrl.ts as cce:/internal/x/cc.
debug: Resolve ./Door from file:///E:/04Project/Cocos/Portal/assets/script/v2/DoorCtrl.ts as file:///E:/04Project/Cocos/Portal/assets/script/v2/Door.ts.
debug: Resolve ./trueDoor from file:///E:/04Project/Cocos/Portal/assets/script/v2/DoorCtrl.ts as file:///E:/04Project/Cocos/Portal/assets/script/v2/trueDoor.ts.
debug: Resolve file:///E:/04Project/Cocos/Portal/assets/script/v2/PlayerCtrl.ts from cce:/internal/x/prerequisite-imports as file:///E:/04Project/Cocos/Portal/assets/script/v2/PlayerCtrl.ts.
debug: Resolve file:///E:/04Project/Cocos/Portal/assets/script/v2/trueDoor.ts from cce:/internal/x/prerequisite-imports as file:///E:/04Project/Cocos/Portal/assets/script/v2/trueDoor.ts.
debug: Target(preview) ends with cost 137.23909999988973ms.
debug: Dispatch build request for time accumulated 2 asset changes.
debug: Build iteration starts.
Number of accumulated asset changes: 2
Feature changed: false
debug: Target(editor) build started.
debug: Detected change: cce:/internal/x/prerequisite-imports. Last mtime: Thu Jan 01 1970 08:43:54 GMT+0800 (香港标准时间), Current mtime: Thu Jan 01 1970 08:45:37 GMT+0800 (香港标准时间)
debug: Inspect cce:/internal/x/prerequisite-imports
debug: Resolve file:///E:/04Project/Cocos/Portal/assets/script/v2/CamCtrl.ts from cce:/internal/x/prerequisite-imports as file:///E:/04Project/Cocos/Portal/assets/script/v2/CamCtrl.ts.
debug: Resolve file:///E:/04Project/Cocos/Portal/assets/script/v2/Door.ts from cce:/internal/x/prerequisite-imports as file:///E:/04Project/Cocos/Portal/assets/script/v2/Door.ts.
debug: Detected change: file:///E:/04Project/Cocos/Portal/assets/script/v2/Door.ts. Last mtime: Tue Sep 06 2022 16:07:36 GMT+0800 (香港标准时间)@1b8e2cb9-52a5-42f7-a368-859194acc286, Current mtime: Tue Sep 06 2022 16:08:43 GMT+0800 (香港标准时间)@1b8e2cb9-52a5-42f7-a368-859194acc286
debug: Inspect file:///E:/04Project/Cocos/Portal/assets/script/v2/Door.ts
debug: Resolve cc from file:///E:/04Project/Cocos/Portal/assets/script/v2/Door.ts as cce:/internal/x/cc.
debug: Resolve cc from file:///E:/04Project/Cocos/Portal/assets/script/v2/Door.ts as cce:/internal/x/cc.
debug: Resolve cc from file:///E:/04Project/Cocos/Portal/assets/script/v2/Door.ts as cce:/internal/x/cc.
debug: Resolve file:///E:/04Project/Cocos/Portal/assets/script/v2/DoorCtrl.ts from cce:/internal/x/prerequisite-imports as file:///E:/04Project/Cocos/Portal/assets/script/v2/DoorCtrl.ts.
debug: Detected change: file:///E:/04Project/Cocos/Portal/assets/script/v2/DoorCtrl.ts. Last mtime: Tue Sep 06 2022 16:07:40 GMT+0800 (香港标准时间)@07043080-035c-4896-9fca-a37d6b4a5de1, Current mtime: Tue Sep 06 2022 16:09:22 GMT+0800 (香港标准时间)@07043080-035c-4896-9fca-a37d6b4a5de1
debug: Inspect file:///E:/04Project/Cocos/Portal/assets/script/v2/DoorCtrl.ts
debug: Resolve cce:/internal/code-quality/cr.mjs from file:///E:/04Project/Cocos/Portal/assets/script/v2/DoorCtrl.ts as cce:/internal/code-quality/cr.mjs.
debug: Resolve cc from file:///E:/04Project/Cocos/Portal/assets/script/v2/DoorCtrl.ts as cce:/internal/x/cc.
debug: Resolve cc from file:///E:/04Project/Cocos/Portal/assets/script/v2/DoorCtrl.ts as cce:/internal/x/cc.
debug: Resolve cc from file:///E:/04Project/Cocos/Portal/assets/script/v2/DoorCtrl.ts as cce:/internal/x/cc.
debug: Resolve ./Door from file:///E:/04Project/Cocos/Portal/assets/script/v2/DoorCtrl.ts as file:///E:/04Project/Cocos/Portal/assets/script/v2/Door.ts.
debug: Resolve ./trueDoor from file:///E:/04Project/Cocos/Portal/assets/script/v2/DoorCtrl.ts as file:///E:/04Project/Cocos/Portal/assets/script/v2/trueDoor.ts.
debug: Resolve file:///E:/04Project/Cocos/Portal/assets/script/v2/PlayerCtrl.ts from cce:/internal/x/prerequisite-imports as file:///E:/04Project/Cocos/Portal/assets/script/v2/PlayerCtrl.ts.
debug: Resolve file:///E:/04Project/Cocos/Portal/assets/script/v2/trueDoor.ts from cce:/internal/x/prerequisite-imports as file:///E:/04Project/Cocos/Portal/assets/script/v2/trueDoor.ts.
debug: Target(editor) ends with cost 111.19370000017807ms.
debug: Target(preview) build started.
debug: Detected change: cce:/internal/x/prerequisite-imports. Last mtime: Thu Jan 01 1970 08:43:55 GMT+0800 (香港标准时间), Current mtime: Thu Jan 01 1970 08:45:37 GMT+0800 (香港标准时间)
debug: Inspect cce:/internal/x/prerequisite-imports
debug: Resolve file:///E:/04Project/Cocos/Portal/assets/script/v2/CamCtrl.ts from cce:/internal/x/prerequisite-imports as file:///E:/04Project/Cocos/Portal/assets/script/v2/CamCtrl.ts.
debug: Resolve file:///E:/04Project/Cocos/Portal/assets/script/v2/Door.ts from cce:/internal/x/prerequisite-imports as file:///E:/04Project/Cocos/Portal/assets/script/v2/Door.ts.
debug: Detected change: file:///E:/04Project/Cocos/Portal/assets/script/v2/Door.ts. Last mtime: Tue Sep 06 2022 16:07:36 GMT+0800 (香港标准时间)@1b8e2cb9-52a5-42f7-a368-859194acc286, Current mtime: Tue Sep 06 2022 16:08:43 GMT+0800 (香港标准时间)@1b8e2cb9-52a5-42f7-a368-859194acc286
debug: Inspect file:///E:/04Project/Cocos/Portal/assets/script/v2/Door.ts
debug: Resolve cc from file:///E:/04Project/Cocos/Portal/assets/script/v2/Door.ts as cce:/internal/x/cc.
debug: Resolve cc from file:///E:/04Project/Cocos/Portal/assets/script/v2/Door.ts as cce:/internal/x/cc.
debug: Resolve cc from file:///E:/04Project/Cocos/Portal/assets/script/v2/Door.ts as cce:/internal/x/cc.
debug: Resolve file:///E:/04Project/Cocos/Portal/assets/script/v2/DoorCtrl.ts from cce:/internal/x/prerequisite-imports as file:///E:/04Project/Cocos/Portal/assets/script/v2/DoorCtrl.ts.
debug: Detected change: file:///E:/04Project/Cocos/Portal/assets/script/v2/DoorCtrl.ts. Last mtime: Tue Sep 06 2022 16:07:40 GMT+0800 (香港标准时间)@07043080-035c-4896-9fca-a37d6b4a5de1, Current mtime: Tue Sep 06 2022 16:09:22 GMT+0800 (香港标准时间)@07043080-035c-4896-9fca-a37d6b4a5de1
debug: Inspect file:///E:/04Project/Cocos/Portal/assets/script/v2/DoorCtrl.ts
debug: Resolve cce:/internal/code-quality/cr.mjs from file:///E:/04Project/Cocos/Portal/assets/script/v2/DoorCtrl.ts as cce:/internal/code-quality/cr.mjs.
debug: Resolve cc from file:///E:/04Project/Cocos/Portal/assets/script/v2/DoorCtrl.ts as cce:/internal/x/cc.
debug: Resolve cc from file:///E:/04Project/Cocos/Portal/assets/script/v2/DoorCtrl.ts as cce:/internal/x/cc.
debug: Resolve cc from file:///E:/04Project/Cocos/Portal/assets/script/v2/DoorCtrl.ts as cce:/internal/x/cc.
debug: Resolve ./Door from file:///E:/04Project/Cocos/Portal/assets/script/v2/DoorCtrl.ts as file:///E:/04Project/Cocos/Portal/assets/script/v2/Door.ts.
debug: Resolve ./trueDoor from file:///E:/04Project/Cocos/Portal/assets/script/v2/DoorCtrl.ts as file:///E:/04Project/Cocos/Portal/assets/script/v2/trueDoor.ts.
debug: Resolve file:///E:/04Project/Cocos/Portal/assets/script/v2/PlayerCtrl.ts from cce:/internal/x/prerequisite-imports as file:///E:/04Project/Cocos/Portal/assets/script/v2/PlayerCtrl.ts.
debug: Resolve file:///E:/04Project/Cocos/Portal/assets/script/v2/trueDoor.ts from cce:/internal/x/prerequisite-imports as file:///E:/04Project/Cocos/Portal/assets/script/v2/trueDoor.ts.
debug: Target(preview) ends with cost 117.91520000016317ms.
debug: Dispatch build request for time accumulated 1 asset changes.
debug: Build iteration starts.
Number of accumulated asset changes: 1
Feature changed: false
debug: Target(editor) build started.
debug: Detected change: cce:/internal/x/prerequisite-imports. Last mtime: Thu Jan 01 1970 08:45:37 GMT+0800 (香港标准时间), Current mtime: Thu Jan 01 1970 08:46:57 GMT+0800 (香港标准时间)
debug: Inspect cce:/internal/x/prerequisite-imports
debug: Resolve file:///E:/04Project/Cocos/Portal/assets/script/v2/CamCtrl.ts from cce:/internal/x/prerequisite-imports as file:///E:/04Project/Cocos/Portal/assets/script/v2/CamCtrl.ts.
debug: Resolve file:///E:/04Project/Cocos/Portal/assets/script/v2/Door.ts from cce:/internal/x/prerequisite-imports as file:///E:/04Project/Cocos/Portal/assets/script/v2/Door.ts.
debug: Detected change: file:///E:/04Project/Cocos/Portal/assets/script/v2/Door.ts. Last mtime: Tue Sep 06 2022 16:08:43 GMT+0800 (香港标准时间)@1b8e2cb9-52a5-42f7-a368-859194acc286, Current mtime: Tue Sep 06 2022 16:10:42 GMT+0800 (香港标准时间)@1b8e2cb9-52a5-42f7-a368-859194acc286
debug: Inspect file:///E:/04Project/Cocos/Portal/assets/script/v2/Door.ts
debug: Resolve cc from file:///E:/04Project/Cocos/Portal/assets/script/v2/Door.ts as cce:/internal/x/cc.
debug: Resolve cc from file:///E:/04Project/Cocos/Portal/assets/script/v2/Door.ts as cce:/internal/x/cc.
debug: Resolve cc from file:///E:/04Project/Cocos/Portal/assets/script/v2/Door.ts as cce:/internal/x/cc.
debug: Resolve file:///E:/04Project/Cocos/Portal/assets/script/v2/DoorCtrl.ts from cce:/internal/x/prerequisite-imports as file:///E:/04Project/Cocos/Portal/assets/script/v2/DoorCtrl.ts.
debug: Resolve file:///E:/04Project/Cocos/Portal/assets/script/v2/PlayerCtrl.ts from cce:/internal/x/prerequisite-imports as file:///E:/04Project/Cocos/Portal/assets/script/v2/PlayerCtrl.ts.
debug: Resolve file:///E:/04Project/Cocos/Portal/assets/script/v2/trueDoor.ts from cce:/internal/x/prerequisite-imports as file:///E:/04Project/Cocos/Portal/assets/script/v2/trueDoor.ts.
debug: Target(editor) ends with cost 100.91740000015125ms.
debug: Target(preview) build started.
debug: Detected change: cce:/internal/x/prerequisite-imports. Last mtime: Thu Jan 01 1970 08:45:37 GMT+0800 (香港标准时间), Current mtime: Thu Jan 01 1970 08:46:57 GMT+0800 (香港标准时间)
debug: Inspect cce:/internal/x/prerequisite-imports
debug: Resolve file:///E:/04Project/Cocos/Portal/assets/script/v2/CamCtrl.ts from cce:/internal/x/prerequisite-imports as file:///E:/04Project/Cocos/Portal/assets/script/v2/CamCtrl.ts.
debug: Resolve file:///E:/04Project/Cocos/Portal/assets/script/v2/Door.ts from cce:/internal/x/prerequisite-imports as file:///E:/04Project/Cocos/Portal/assets/script/v2/Door.ts.
debug: Detected change: file:///E:/04Project/Cocos/Portal/assets/script/v2/Door.ts. Last mtime: Tue Sep 06 2022 16:08:43 GMT+0800 (香港标准时间)@1b8e2cb9-52a5-42f7-a368-859194acc286, Current mtime: Tue Sep 06 2022 16:10:42 GMT+0800 (香港标准时间)@1b8e2cb9-52a5-42f7-a368-859194acc286
debug: Inspect file:///E:/04Project/Cocos/Portal/assets/script/v2/Door.ts
debug: Resolve cc from file:///E:/04Project/Cocos/Portal/assets/script/v2/Door.ts as cce:/internal/x/cc.
debug: Resolve cc from file:///E:/04Project/Cocos/Portal/assets/script/v2/Door.ts as cce:/internal/x/cc.
debug: Resolve cc from file:///E:/04Project/Cocos/Portal/assets/script/v2/Door.ts as cce:/internal/x/cc.
debug: Resolve file:///E:/04Project/Cocos/Portal/assets/script/v2/DoorCtrl.ts from cce:/internal/x/prerequisite-imports as file:///E:/04Project/Cocos/Portal/assets/script/v2/DoorCtrl.ts.
debug: Resolve file:///E:/04Project/Cocos/Portal/assets/script/v2/PlayerCtrl.ts from cce:/internal/x/prerequisite-imports as file:///E:/04Project/Cocos/Portal/assets/script/v2/PlayerCtrl.ts.
debug: Resolve file:///E:/04Project/Cocos/Portal/assets/script/v2/trueDoor.ts from cce:/internal/x/prerequisite-imports as file:///E:/04Project/Cocos/Portal/assets/script/v2/trueDoor.ts.
debug: Target(preview) ends with cost 69.67269999999553ms.
debug: Dispatch build request for time accumulated 2 asset changes.
debug: Build iteration starts.
Number of accumulated asset changes: 2
Feature changed: false
debug: Target(editor) build started.
debug: Detected change: cce:/internal/x/prerequisite-imports. Last mtime: Thu Jan 01 1970 08:46:57 GMT+0800 (香港标准时间), Current mtime: Thu Jan 01 1970 08:50:30 GMT+0800 (香港标准时间)
debug: Inspect cce:/internal/x/prerequisite-imports
debug: Resolve file:///E:/04Project/Cocos/Portal/assets/script/v2/CamCtrl.ts from cce:/internal/x/prerequisite-imports as file:///E:/04Project/Cocos/Portal/assets/script/v2/CamCtrl.ts.
debug: Resolve file:///E:/04Project/Cocos/Portal/assets/script/v2/Door.ts from cce:/internal/x/prerequisite-imports as file:///E:/04Project/Cocos/Portal/assets/script/v2/Door.ts.
debug: Detected change: file:///E:/04Project/Cocos/Portal/assets/script/v2/Door.ts. Last mtime: Tue Sep 06 2022 16:10:42 GMT+0800 (香港标准时间)@1b8e2cb9-52a5-42f7-a368-859194acc286, Current mtime: Tue Sep 06 2022 16:12:05 GMT+0800 (香港标准时间)@1b8e2cb9-52a5-42f7-a368-859194acc286
debug: Inspect file:///E:/04Project/Cocos/Portal/assets/script/v2/Door.ts
debug: Resolve cc from file:///E:/04Project/Cocos/Portal/assets/script/v2/Door.ts as cce:/internal/x/cc.
debug: Resolve cc from file:///E:/04Project/Cocos/Portal/assets/script/v2/Door.ts as cce:/internal/x/cc.
debug: Resolve cc from file:///E:/04Project/Cocos/Portal/assets/script/v2/Door.ts as cce:/internal/x/cc.
debug: Resolve file:///E:/04Project/Cocos/Portal/assets/script/v2/DoorCtrl.ts from cce:/internal/x/prerequisite-imports as file:///E:/04Project/Cocos/Portal/assets/script/v2/DoorCtrl.ts.
debug: Detected change: file:///E:/04Project/Cocos/Portal/assets/script/v2/DoorCtrl.ts. Last mtime: Tue Sep 06 2022 16:09:22 GMT+0800 (香港标准时间)@07043080-035c-4896-9fca-a37d6b4a5de1, Current mtime: Tue Sep 06 2022 16:13:37 GMT+0800 (香港标准时间)@07043080-035c-4896-9fca-a37d6b4a5de1
debug: Inspect file:///E:/04Project/Cocos/Portal/assets/script/v2/DoorCtrl.ts
debug: Resolve cce:/internal/code-quality/cr.mjs from file:///E:/04Project/Cocos/Portal/assets/script/v2/DoorCtrl.ts as cce:/internal/code-quality/cr.mjs.
debug: Resolve cc from file:///E:/04Project/Cocos/Portal/assets/script/v2/DoorCtrl.ts as cce:/internal/x/cc.
debug: Resolve cc from file:///E:/04Project/Cocos/Portal/assets/script/v2/DoorCtrl.ts as cce:/internal/x/cc.
debug: Resolve cc from file:///E:/04Project/Cocos/Portal/assets/script/v2/DoorCtrl.ts as cce:/internal/x/cc.
debug: Resolve ./Door from file:///E:/04Project/Cocos/Portal/assets/script/v2/DoorCtrl.ts as file:///E:/04Project/Cocos/Portal/assets/script/v2/Door.ts.
debug: Resolve ./trueDoor from file:///E:/04Project/Cocos/Portal/assets/script/v2/DoorCtrl.ts as file:///E:/04Project/Cocos/Portal/assets/script/v2/trueDoor.ts.
debug: Resolve file:///E:/04Project/Cocos/Portal/assets/script/v2/PlayerCtrl.ts from cce:/internal/x/prerequisite-imports as file:///E:/04Project/Cocos/Portal/assets/script/v2/PlayerCtrl.ts.
debug: Resolve file:///E:/04Project/Cocos/Portal/assets/script/v2/trueDoor.ts from cce:/internal/x/prerequisite-imports as file:///E:/04Project/Cocos/Portal/assets/script/v2/trueDoor.ts.
debug: Target(editor) ends with cost 115.05880000023171ms.
debug: Target(preview) build started.
debug: Detected change: cce:/internal/x/prerequisite-imports. Last mtime: Thu Jan 01 1970 08:46:57 GMT+0800 (香港标准时间), Current mtime: Thu Jan 01 1970 08:50:30 GMT+0800 (香港标准时间)
debug: Inspect cce:/internal/x/prerequisite-imports
debug: Resolve file:///E:/04Project/Cocos/Portal/assets/script/v2/CamCtrl.ts from cce:/internal/x/prerequisite-imports as file:///E:/04Project/Cocos/Portal/assets/script/v2/CamCtrl.ts.
debug: Resolve file:///E:/04Project/Cocos/Portal/assets/script/v2/Door.ts from cce:/internal/x/prerequisite-imports as file:///E:/04Project/Cocos/Portal/assets/script/v2/Door.ts.
debug: Detected change: file:///E:/04Project/Cocos/Portal/assets/script/v2/Door.ts. Last mtime: Tue Sep 06 2022 16:10:42 GMT+0800 (香港标准时间)@1b8e2cb9-52a5-42f7-a368-859194acc286, Current mtime: Tue Sep 06 2022 16:12:05 GMT+0800 (香港标准时间)@1b8e2cb9-52a5-42f7-a368-859194acc286
debug: Inspect file:///E:/04Project/Cocos/Portal/assets/script/v2/Door.ts
debug: Resolve cc from file:///E:/04Project/Cocos/Portal/assets/script/v2/Door.ts as cce:/internal/x/cc.
debug: Resolve cc from file:///E:/04Project/Cocos/Portal/assets/script/v2/Door.ts as cce:/internal/x/cc.
debug: Resolve cc from file:///E:/04Project/Cocos/Portal/assets/script/v2/Door.ts as cce:/internal/x/cc.
debug: Resolve file:///E:/04Project/Cocos/Portal/assets/script/v2/DoorCtrl.ts from cce:/internal/x/prerequisite-imports as file:///E:/04Project/Cocos/Portal/assets/script/v2/DoorCtrl.ts.
debug: Detected change: file:///E:/04Project/Cocos/Portal/assets/script/v2/DoorCtrl.ts. Last mtime: Tue Sep 06 2022 16:09:22 GMT+0800 (香港标准时间)@07043080-035c-4896-9fca-a37d6b4a5de1, Current mtime: Tue Sep 06 2022 16:13:37 GMT+0800 (香港标准时间)@07043080-035c-4896-9fca-a37d6b4a5de1
debug: Inspect file:///E:/04Project/Cocos/Portal/assets/script/v2/DoorCtrl.ts
debug: Resolve cce:/internal/code-quality/cr.mjs from file:///E:/04Project/Cocos/Portal/assets/script/v2/DoorCtrl.ts as cce:/internal/code-quality/cr.mjs.
debug: Resolve cc from file:///E:/04Project/Cocos/Portal/assets/script/v2/DoorCtrl.ts as cce:/internal/x/cc.
debug: Resolve cc from file:///E:/04Project/Cocos/Portal/assets/script/v2/DoorCtrl.ts as cce:/internal/x/cc.
debug: Resolve cc from file:///E:/04Project/Cocos/Portal/assets/script/v2/DoorCtrl.ts as cce:/internal/x/cc.
debug: Resolve ./Door from file:///E:/04Project/Cocos/Portal/assets/script/v2/DoorCtrl.ts as file:///E:/04Project/Cocos/Portal/assets/script/v2/Door.ts.
debug: Resolve ./trueDoor from file:///E:/04Project/Cocos/Portal/assets/script/v2/DoorCtrl.ts as file:///E:/04Project/Cocos/Portal/assets/script/v2/trueDoor.ts.
debug: Resolve file:///E:/04Project/Cocos/Portal/assets/script/v2/PlayerCtrl.ts from cce:/internal/x/prerequisite-imports as file:///E:/04Project/Cocos/Portal/assets/script/v2/PlayerCtrl.ts.
debug: Resolve file:///E:/04Project/Cocos/Portal/assets/script/v2/trueDoor.ts from cce:/internal/x/prerequisite-imports as file:///E:/04Project/Cocos/Portal/assets/script/v2/trueDoor.ts.
debug: Target(preview) ends with cost 162.82500000018626ms.
debug: Dispatch build request for time accumulated 1 asset changes.
debug: Build iteration starts.
Number of accumulated asset changes: 1
Feature changed: false
debug: Target(editor) build started.
debug: Detected change: cce:/internal/x/prerequisite-imports. Last mtime: Thu Jan 01 1970 08:50:30 GMT+0800 (香港标准时间), Current mtime: Thu Jan 01 1970 08:51:21 GMT+0800 (香港标准时间)
debug: Inspect cce:/internal/x/prerequisite-imports
debug: Resolve file:///E:/04Project/Cocos/Portal/assets/script/v2/CamCtrl.ts from cce:/internal/x/prerequisite-imports as file:///E:/04Project/Cocos/Portal/assets/script/v2/CamCtrl.ts.
debug: Resolve file:///E:/04Project/Cocos/Portal/assets/script/v2/Door.ts from cce:/internal/x/prerequisite-imports as file:///E:/04Project/Cocos/Portal/assets/script/v2/Door.ts.
debug: Resolve file:///E:/04Project/Cocos/Portal/assets/script/v2/DoorCtrl.ts from cce:/internal/x/prerequisite-imports as file:///E:/04Project/Cocos/Portal/assets/script/v2/DoorCtrl.ts.
debug: Detected change: file:///E:/04Project/Cocos/Portal/assets/script/v2/DoorCtrl.ts. Last mtime: Tue Sep 06 2022 16:13:37 GMT+0800 (香港标准时间)@07043080-035c-4896-9fca-a37d6b4a5de1, Current mtime: Tue Sep 06 2022 16:15:07 GMT+0800 (香港标准时间)@07043080-035c-4896-9fca-a37d6b4a5de1
debug: Inspect file:///E:/04Project/Cocos/Portal/assets/script/v2/DoorCtrl.ts
debug: Resolve cce:/internal/code-quality/cr.mjs from file:///E:/04Project/Cocos/Portal/assets/script/v2/DoorCtrl.ts as cce:/internal/code-quality/cr.mjs.
debug: Resolve cc from file:///E:/04Project/Cocos/Portal/assets/script/v2/DoorCtrl.ts as cce:/internal/x/cc.
debug: Resolve cc from file:///E:/04Project/Cocos/Portal/assets/script/v2/DoorCtrl.ts as cce:/internal/x/cc.
debug: Resolve cc from file:///E:/04Project/Cocos/Portal/assets/script/v2/DoorCtrl.ts as cce:/internal/x/cc.
debug: Resolve ./Door from file:///E:/04Project/Cocos/Portal/assets/script/v2/DoorCtrl.ts as file:///E:/04Project/Cocos/Portal/assets/script/v2/Door.ts.
debug: Resolve ./trueDoor from file:///E:/04Project/Cocos/Portal/assets/script/v2/DoorCtrl.ts as file:///E:/04Project/Cocos/Portal/assets/script/v2/trueDoor.ts.
debug: Resolve file:///E:/04Project/Cocos/Portal/assets/script/v2/PlayerCtrl.ts from cce:/internal/x/prerequisite-imports as file:///E:/04Project/Cocos/Portal/assets/script/v2/PlayerCtrl.ts.
debug: Resolve file:///E:/04Project/Cocos/Portal/assets/script/v2/trueDoor.ts from cce:/internal/x/prerequisite-imports as file:///E:/04Project/Cocos/Portal/assets/script/v2/trueDoor.ts.
debug: Target(editor) ends with cost 128.23449999978766ms.
debug: Target(preview) build started.
debug: Detected change: cce:/internal/x/prerequisite-imports. Last mtime: Thu Jan 01 1970 08:50:30 GMT+0800 (香港标准时间), Current mtime: Thu Jan 01 1970 08:51:21 GMT+0800 (香港标准时间)
debug: Inspect cce:/internal/x/prerequisite-imports
debug: Resolve file:///E:/04Project/Cocos/Portal/assets/script/v2/CamCtrl.ts from cce:/internal/x/prerequisite-imports as file:///E:/04Project/Cocos/Portal/assets/script/v2/CamCtrl.ts.
debug: Resolve file:///E:/04Project/Cocos/Portal/assets/script/v2/Door.ts from cce:/internal/x/prerequisite-imports as file:///E:/04Project/Cocos/Portal/assets/script/v2/Door.ts.
debug: Resolve file:///E:/04Project/Cocos/Portal/assets/script/v2/DoorCtrl.ts from cce:/internal/x/prerequisite-imports as file:///E:/04Project/Cocos/Portal/assets/script/v2/DoorCtrl.ts.
debug: Detected change: file:///E:/04Project/Cocos/Portal/assets/script/v2/DoorCtrl.ts. Last mtime: Tue Sep 06 2022 16:13:37 GMT+0800 (香港标准时间)@07043080-035c-4896-9fca-a37d6b4a5de1, Current mtime: Tue Sep 06 2022 16:15:07 GMT+0800 (香港标准时间)@07043080-035c-4896-9fca-a37d6b4a5de1
debug: Inspect file:///E:/04Project/Cocos/Portal/assets/script/v2/DoorCtrl.ts
debug: Resolve cce:/internal/code-quality/cr.mjs from file:///E:/04Project/Cocos/Portal/assets/script/v2/DoorCtrl.ts as cce:/internal/code-quality/cr.mjs.
debug: Resolve cc from file:///E:/04Project/Cocos/Portal/assets/script/v2/DoorCtrl.ts as cce:/internal/x/cc.
debug: Resolve cc from file:///E:/04Project/Cocos/Portal/assets/script/v2/DoorCtrl.ts as cce:/internal/x/cc.
debug: Resolve cc from file:///E:/04Project/Cocos/Portal/assets/script/v2/DoorCtrl.ts as cce:/internal/x/cc.
debug: Resolve ./Door from file:///E:/04Project/Cocos/Portal/assets/script/v2/DoorCtrl.ts as file:///E:/04Project/Cocos/Portal/assets/script/v2/Door.ts.
debug: Resolve ./trueDoor from file:///E:/04Project/Cocos/Portal/assets/script/v2/DoorCtrl.ts as file:///E:/04Project/Cocos/Portal/assets/script/v2/trueDoor.ts.
debug: Resolve file:///E:/04Project/Cocos/Portal/assets/script/v2/PlayerCtrl.ts from cce:/internal/x/prerequisite-imports as file:///E:/04Project/Cocos/Portal/assets/script/v2/PlayerCtrl.ts.
debug: Resolve file:///E:/04Project/Cocos/Portal/assets/script/v2/trueDoor.ts from cce:/internal/x/prerequisite-imports as file:///E:/04Project/Cocos/Portal/assets/script/v2/trueDoor.ts.
debug: Target(preview) ends with cost 101.71480000019073ms.
debug: Dispatch build request for time accumulated 1 asset changes.
debug: Build iteration starts.
Number of accumulated asset changes: 1
Feature changed: false
debug: Target(editor) build started.
debug: Detected change: cce:/internal/x/prerequisite-imports. Last mtime: Thu Jan 01 1970 08:51:21 GMT+0800 (香港标准时间), Current mtime: Thu Jan 01 1970 08:53:53 GMT+0800 (香港标准时间)
debug: Inspect cce:/internal/x/prerequisite-imports
debug: Resolve file:///E:/04Project/Cocos/Portal/assets/script/v2/CamCtrl.ts from cce:/internal/x/prerequisite-imports as file:///E:/04Project/Cocos/Portal/assets/script/v2/CamCtrl.ts.
debug: Resolve file:///E:/04Project/Cocos/Portal/assets/script/v2/Door.ts from cce:/internal/x/prerequisite-imports as file:///E:/04Project/Cocos/Portal/assets/script/v2/Door.ts.
debug: Resolve file:///E:/04Project/Cocos/Portal/assets/script/v2/DoorCtrl.ts from cce:/internal/x/prerequisite-imports as file:///E:/04Project/Cocos/Portal/assets/script/v2/DoorCtrl.ts.
debug: Detected change: file:///E:/04Project/Cocos/Portal/assets/script/v2/DoorCtrl.ts. Last mtime: Tue Sep 06 2022 16:15:07 GMT+0800 (香港标准时间)@07043080-035c-4896-9fca-a37d6b4a5de1, Current mtime: Tue Sep 06 2022 16:17:39 GMT+0800 (香港标准时间)@07043080-035c-4896-9fca-a37d6b4a5de1
debug: Inspect file:///E:/04Project/Cocos/Portal/assets/script/v2/DoorCtrl.ts
debug: Resolve cce:/internal/code-quality/cr.mjs from file:///E:/04Project/Cocos/Portal/assets/script/v2/DoorCtrl.ts as cce:/internal/code-quality/cr.mjs.
debug: Resolve cc from file:///E:/04Project/Cocos/Portal/assets/script/v2/DoorCtrl.ts as cce:/internal/x/cc.
debug: Resolve cc from file:///E:/04Project/Cocos/Portal/assets/script/v2/DoorCtrl.ts as cce:/internal/x/cc.
debug: Resolve cc from file:///E:/04Project/Cocos/Portal/assets/script/v2/DoorCtrl.ts as cce:/internal/x/cc.
debug: Resolve ./Door from file:///E:/04Project/Cocos/Portal/assets/script/v2/DoorCtrl.ts as file:///E:/04Project/Cocos/Portal/assets/script/v2/Door.ts.
debug: Resolve ./trueDoor from file:///E:/04Project/Cocos/Portal/assets/script/v2/DoorCtrl.ts as file:///E:/04Project/Cocos/Portal/assets/script/v2/trueDoor.ts.
debug: Resolve file:///E:/04Project/Cocos/Portal/assets/script/v2/PlayerCtrl.ts from cce:/internal/x/prerequisite-imports as file:///E:/04Project/Cocos/Portal/assets/script/v2/PlayerCtrl.ts.
debug: Resolve file:///E:/04Project/Cocos/Portal/assets/script/v2/trueDoor.ts from cce:/internal/x/prerequisite-imports as file:///E:/04Project/Cocos/Portal/assets/script/v2/trueDoor.ts.
debug: Target(editor) ends with cost 82.17870000004768ms.
debug: Target(preview) build started.
debug: Detected change: cce:/internal/x/prerequisite-imports. Last mtime: Thu Jan 01 1970 08:51:21 GMT+0800 (香港标准时间), Current mtime: Thu Jan 01 1970 08:53:53 GMT+0800 (香港标准时间)
debug: Inspect cce:/internal/x/prerequisite-imports
debug: Resolve file:///E:/04Project/Cocos/Portal/assets/script/v2/CamCtrl.ts from cce:/internal/x/prerequisite-imports as file:///E:/04Project/Cocos/Portal/assets/script/v2/CamCtrl.ts.
debug: Resolve file:///E:/04Project/Cocos/Portal/assets/script/v2/Door.ts from cce:/internal/x/prerequisite-imports as file:///E:/04Project/Cocos/Portal/assets/script/v2/Door.ts.
debug: Resolve file:///E:/04Project/Cocos/Portal/assets/script/v2/DoorCtrl.ts from cce:/internal/x/prerequisite-imports as file:///E:/04Project/Cocos/Portal/assets/script/v2/DoorCtrl.ts.
debug: Detected change: file:///E:/04Project/Cocos/Portal/assets/script/v2/DoorCtrl.ts. Last mtime: Tue Sep 06 2022 16:15:07 GMT+0800 (香港标准时间)@07043080-035c-4896-9fca-a37d6b4a5de1, Current mtime: Tue Sep 06 2022 16:17:39 GMT+0800 (香港标准时间)@07043080-035c-4896-9fca-a37d6b4a5de1
debug: Inspect file:///E:/04Project/Cocos/Portal/assets/script/v2/DoorCtrl.ts
debug: Resolve cce:/internal/code-quality/cr.mjs from file:///E:/04Project/Cocos/Portal/assets/script/v2/DoorCtrl.ts as cce:/internal/code-quality/cr.mjs.
debug: Resolve cc from file:///E:/04Project/Cocos/Portal/assets/script/v2/DoorCtrl.ts as cce:/internal/x/cc.
debug: Resolve cc from file:///E:/04Project/Cocos/Portal/assets/script/v2/DoorCtrl.ts as cce:/internal/x/cc.
debug: Resolve cc from file:///E:/04Project/Cocos/Portal/assets/script/v2/DoorCtrl.ts as cce:/internal/x/cc.
debug: Resolve ./Door from file:///E:/04Project/Cocos/Portal/assets/script/v2/DoorCtrl.ts as file:///E:/04Project/Cocos/Portal/assets/script/v2/Door.ts.
debug: Resolve ./trueDoor from file:///E:/04Project/Cocos/Portal/assets/script/v2/DoorCtrl.ts as file:///E:/04Project/Cocos/Portal/assets/script/v2/trueDoor.ts.
debug: Resolve file:///E:/04Project/Cocos/Portal/assets/script/v2/PlayerCtrl.ts from cce:/internal/x/prerequisite-imports as file:///E:/04Project/Cocos/Portal/assets/script/v2/PlayerCtrl.ts.
debug: Resolve file:///E:/04Project/Cocos/Portal/assets/script/v2/trueDoor.ts from cce:/internal/x/prerequisite-imports as file:///E:/04Project/Cocos/Portal/assets/script/v2/trueDoor.ts.
debug: Target(preview) ends with cost 108.62949999980628ms.
debug: Dispatch build request for time accumulated 1 asset changes.
debug: Build iteration starts.
Number of accumulated asset changes: 1
Feature changed: false
debug: Target(editor) build started.
debug: Detected change: cce:/internal/x/prerequisite-imports. Last mtime: Thu Jan 01 1970 08:53:53 GMT+0800 (香港标准时间), Current mtime: Thu Jan 01 1970 08:54:03 GMT+0800 (香港标准时间)
debug: Inspect cce:/internal/x/prerequisite-imports
debug: Resolve file:///E:/04Project/Cocos/Portal/assets/script/v2/CamCtrl.ts from cce:/internal/x/prerequisite-imports as file:///E:/04Project/Cocos/Portal/assets/script/v2/CamCtrl.ts.
debug: Resolve file:///E:/04Project/Cocos/Portal/assets/script/v2/Door.ts from cce:/internal/x/prerequisite-imports as file:///E:/04Project/Cocos/Portal/assets/script/v2/Door.ts.
debug: Resolve file:///E:/04Project/Cocos/Portal/assets/script/v2/DoorCtrl.ts from cce:/internal/x/prerequisite-imports as file:///E:/04Project/Cocos/Portal/assets/script/v2/DoorCtrl.ts.
debug: Detected change: file:///E:/04Project/Cocos/Portal/assets/script/v2/DoorCtrl.ts. Last mtime: Tue Sep 06 2022 16:17:39 GMT+0800 (香港标准时间)@07043080-035c-4896-9fca-a37d6b4a5de1, Current mtime: Tue Sep 06 2022 16:17:48 GMT+0800 (香港标准时间)@07043080-035c-4896-9fca-a37d6b4a5de1
debug: Inspect file:///E:/04Project/Cocos/Portal/assets/script/v2/DoorCtrl.ts
debug: Resolve cce:/internal/code-quality/cr.mjs from file:///E:/04Project/Cocos/Portal/assets/script/v2/DoorCtrl.ts as cce:/internal/code-quality/cr.mjs.
debug: Resolve cc from file:///E:/04Project/Cocos/Portal/assets/script/v2/DoorCtrl.ts as cce:/internal/x/cc.
debug: Resolve cc from file:///E:/04Project/Cocos/Portal/assets/script/v2/DoorCtrl.ts as cce:/internal/x/cc.
debug: Resolve cc from file:///E:/04Project/Cocos/Portal/assets/script/v2/DoorCtrl.ts as cce:/internal/x/cc.
debug: Resolve ./Door from file:///E:/04Project/Cocos/Portal/assets/script/v2/DoorCtrl.ts as file:///E:/04Project/Cocos/Portal/assets/script/v2/Door.ts.
debug: Resolve ./trueDoor from file:///E:/04Project/Cocos/Portal/assets/script/v2/DoorCtrl.ts as file:///E:/04Project/Cocos/Portal/assets/script/v2/trueDoor.ts.
debug: Resolve file:///E:/04Project/Cocos/Portal/assets/script/v2/PlayerCtrl.ts from cce:/internal/x/prerequisite-imports as file:///E:/04Project/Cocos/Portal/assets/script/v2/PlayerCtrl.ts.
debug: Resolve file:///E:/04Project/Cocos/Portal/assets/script/v2/trueDoor.ts from cce:/internal/x/prerequisite-imports as file:///E:/04Project/Cocos/Portal/assets/script/v2/trueDoor.ts.
debug: Target(editor) ends with cost 74.17659999988973ms.
debug: Target(preview) build started.
debug: Detected change: cce:/internal/x/prerequisite-imports. Last mtime: Thu Jan 01 1970 08:53:53 GMT+0800 (香港标准时间), Current mtime: Thu Jan 01 1970 08:54:03 GMT+0800 (香港标准时间)
debug: Inspect cce:/internal/x/prerequisite-imports
debug: Resolve file:///E:/04Project/Cocos/Portal/assets/script/v2/CamCtrl.ts from cce:/internal/x/prerequisite-imports as file:///E:/04Project/Cocos/Portal/assets/script/v2/CamCtrl.ts.
debug: Resolve file:///E:/04Project/Cocos/Portal/assets/script/v2/Door.ts from cce:/internal/x/prerequisite-imports as file:///E:/04Project/Cocos/Portal/assets/script/v2/Door.ts.
debug: Resolve file:///E:/04Project/Cocos/Portal/assets/script/v2/DoorCtrl.ts from cce:/internal/x/prerequisite-imports as file:///E:/04Project/Cocos/Portal/assets/script/v2/DoorCtrl.ts.
debug: Detected change: file:///E:/04Project/Cocos/Portal/assets/script/v2/DoorCtrl.ts. Last mtime: Tue Sep 06 2022 16:17:39 GMT+0800 (香港标准时间)@07043080-035c-4896-9fca-a37d6b4a5de1, Current mtime: Tue Sep 06 2022 16:17:48 GMT+0800 (香港标准时间)@07043080-035c-4896-9fca-a37d6b4a5de1
debug: Inspect file:///E:/04Project/Cocos/Portal/assets/script/v2/DoorCtrl.ts
debug: Resolve cce:/internal/code-quality/cr.mjs from file:///E:/04Project/Cocos/Portal/assets/script/v2/DoorCtrl.ts as cce:/internal/code-quality/cr.mjs.
debug: Resolve cc from file:///E:/04Project/Cocos/Portal/assets/script/v2/DoorCtrl.ts as cce:/internal/x/cc.
debug: Resolve cc from file:///E:/04Project/Cocos/Portal/assets/script/v2/DoorCtrl.ts as cce:/internal/x/cc.
debug: Resolve cc from file:///E:/04Project/Cocos/Portal/assets/script/v2/DoorCtrl.ts as cce:/internal/x/cc.
debug: Resolve ./Door from file:///E:/04Project/Cocos/Portal/assets/script/v2/DoorCtrl.ts as file:///E:/04Project/Cocos/Portal/assets/script/v2/Door.ts.
debug: Resolve ./trueDoor from file:///E:/04Project/Cocos/Portal/assets/script/v2/DoorCtrl.ts as file:///E:/04Project/Cocos/Portal/assets/script/v2/trueDoor.ts.
debug: Resolve file:///E:/04Project/Cocos/Portal/assets/script/v2/PlayerCtrl.ts from cce:/internal/x/prerequisite-imports as file:///E:/04Project/Cocos/Portal/assets/script/v2/PlayerCtrl.ts.
debug: Resolve file:///E:/04Project/Cocos/Portal/assets/script/v2/trueDoor.ts from cce:/internal/x/prerequisite-imports as file:///E:/04Project/Cocos/Portal/assets/script/v2/trueDoor.ts.
debug: Target(preview) ends with cost 86.2151999999769ms.
debug: Dispatch build request for time accumulated 1 asset changes.
debug: Build iteration starts.
Number of accumulated asset changes: 1
Feature changed: false
debug: Target(editor) build started.
debug: Detected change: cce:/internal/x/prerequisite-imports. Last mtime: Thu Jan 01 1970 08:54:03 GMT+0800 (香港标准时间), Current mtime: Thu Jan 01 1970 08:55:34 GMT+0800 (香港标准时间)
debug: Inspect cce:/internal/x/prerequisite-imports
debug: Resolve file:///E:/04Project/Cocos/Portal/assets/script/v2/CamCtrl.ts from cce:/internal/x/prerequisite-imports as file:///E:/04Project/Cocos/Portal/assets/script/v2/CamCtrl.ts.
debug: Resolve file:///E:/04Project/Cocos/Portal/assets/script/v2/Door.ts from cce:/internal/x/prerequisite-imports as file:///E:/04Project/Cocos/Portal/assets/script/v2/Door.ts.
debug: Resolve file:///E:/04Project/Cocos/Portal/assets/script/v2/DoorCtrl.ts from cce:/internal/x/prerequisite-imports as file:///E:/04Project/Cocos/Portal/assets/script/v2/DoorCtrl.ts.
debug: Detected change: file:///E:/04Project/Cocos/Portal/assets/script/v2/DoorCtrl.ts. Last mtime: Tue Sep 06 2022 16:17:48 GMT+0800 (香港标准时间)@07043080-035c-4896-9fca-a37d6b4a5de1, Current mtime: Tue Sep 06 2022 16:18:17 GMT+0800 (香港标准时间)@07043080-035c-4896-9fca-a37d6b4a5de1
debug: Inspect file:///E:/04Project/Cocos/Portal/assets/script/v2/DoorCtrl.ts
debug: Resolve cce:/internal/code-quality/cr.mjs from file:///E:/04Project/Cocos/Portal/assets/script/v2/DoorCtrl.ts as cce:/internal/code-quality/cr.mjs.
debug: Resolve cc from file:///E:/04Project/Cocos/Portal/assets/script/v2/DoorCtrl.ts as cce:/internal/x/cc.
debug: Resolve cc from file:///E:/04Project/Cocos/Portal/assets/script/v2/DoorCtrl.ts as cce:/internal/x/cc.
debug: Resolve cc from file:///E:/04Project/Cocos/Portal/assets/script/v2/DoorCtrl.ts as cce:/internal/x/cc.
debug: Resolve ./Door from file:///E:/04Project/Cocos/Portal/assets/script/v2/DoorCtrl.ts as file:///E:/04Project/Cocos/Portal/assets/script/v2/Door.ts.
debug: Resolve ./trueDoor from file:///E:/04Project/Cocos/Portal/assets/script/v2/DoorCtrl.ts as file:///E:/04Project/Cocos/Portal/assets/script/v2/trueDoor.ts.
debug: Resolve file:///E:/04Project/Cocos/Portal/assets/script/v2/PlayerCtrl.ts from cce:/internal/x/prerequisite-imports as file:///E:/04Project/Cocos/Portal/assets/script/v2/PlayerCtrl.ts.
debug: Resolve file:///E:/04Project/Cocos/Portal/assets/script/v2/trueDoor.ts from cce:/internal/x/prerequisite-imports as file:///E:/04Project/Cocos/Portal/assets/script/v2/trueDoor.ts.
debug: Target(editor) ends with cost 70.42409999994561ms.
debug: Target(preview) build started.
debug: Detected change: cce:/internal/x/prerequisite-imports. Last mtime: Thu Jan 01 1970 08:54:03 GMT+0800 (香港标准时间), Current mtime: Thu Jan 01 1970 08:55:34 GMT+0800 (香港标准时间)
debug: Inspect cce:/internal/x/prerequisite-imports
debug: Resolve file:///E:/04Project/Cocos/Portal/assets/script/v2/CamCtrl.ts from cce:/internal/x/prerequisite-imports as file:///E:/04Project/Cocos/Portal/assets/script/v2/CamCtrl.ts.
debug: Resolve file:///E:/04Project/Cocos/Portal/assets/script/v2/Door.ts from cce:/internal/x/prerequisite-imports as file:///E:/04Project/Cocos/Portal/assets/script/v2/Door.ts.
debug: Resolve file:///E:/04Project/Cocos/Portal/assets/script/v2/DoorCtrl.ts from cce:/internal/x/prerequisite-imports as file:///E:/04Project/Cocos/Portal/assets/script/v2/DoorCtrl.ts.
debug: Detected change: file:///E:/04Project/Cocos/Portal/assets/script/v2/DoorCtrl.ts. Last mtime: Tue Sep 06 2022 16:17:48 GMT+0800 (香港标准时间)@07043080-035c-4896-9fca-a37d6b4a5de1, Current mtime: Tue Sep 06 2022 16:18:17 GMT+0800 (香港标准时间)@07043080-035c-4896-9fca-a37d6b4a5de1
debug: Inspect file:///E:/04Project/Cocos/Portal/assets/script/v2/DoorCtrl.ts
debug: Resolve cce:/internal/code-quality/cr.mjs from file:///E:/04Project/Cocos/Portal/assets/script/v2/DoorCtrl.ts as cce:/internal/code-quality/cr.mjs.
debug: Resolve cc from file:///E:/04Project/Cocos/Portal/assets/script/v2/DoorCtrl.ts as cce:/internal/x/cc.
debug: Resolve cc from file:///E:/04Project/Cocos/Portal/assets/script/v2/DoorCtrl.ts as cce:/internal/x/cc.
debug: Resolve cc from file:///E:/04Project/Cocos/Portal/assets/script/v2/DoorCtrl.ts as cce:/internal/x/cc.
debug: Resolve ./Door from file:///E:/04Project/Cocos/Portal/assets/script/v2/DoorCtrl.ts as file:///E:/04Project/Cocos/Portal/assets/script/v2/Door.ts.
debug: Resolve ./trueDoor from file:///E:/04Project/Cocos/Portal/assets/script/v2/DoorCtrl.ts as file:///E:/04Project/Cocos/Portal/assets/script/v2/trueDoor.ts.
debug: Resolve file:///E:/04Project/Cocos/Portal/assets/script/v2/PlayerCtrl.ts from cce:/internal/x/prerequisite-imports as file:///E:/04Project/Cocos/Portal/assets/script/v2/PlayerCtrl.ts.
debug: Resolve file:///E:/04Project/Cocos/Portal/assets/script/v2/trueDoor.ts from cce:/internal/x/prerequisite-imports as file:///E:/04Project/Cocos/Portal/assets/script/v2/trueDoor.ts.
debug: Target(preview) ends with cost 108.56569999968633ms.
debug: Dispatch build request for time accumulated 1 asset changes.
debug: Build iteration starts.
Number of accumulated asset changes: 1
Feature changed: false
debug: Target(editor) build started.
debug: Detected change: cce:/internal/x/prerequisite-imports. Last mtime: Thu Jan 01 1970 08:55:34 GMT+0800 (香港标准时间), Current mtime: Thu Jan 01 1970 08:56:37 GMT+0800 (香港标准时间)
debug: Inspect cce:/internal/x/prerequisite-imports
debug: Resolve file:///E:/04Project/Cocos/Portal/assets/script/v2/CamCtrl.ts from cce:/internal/x/prerequisite-imports as file:///E:/04Project/Cocos/Portal/assets/script/v2/CamCtrl.ts.
debug: Resolve file:///E:/04Project/Cocos/Portal/assets/script/v2/Door.ts from cce:/internal/x/prerequisite-imports as file:///E:/04Project/Cocos/Portal/assets/script/v2/Door.ts.
debug: Resolve file:///E:/04Project/Cocos/Portal/assets/script/v2/DoorCtrl.ts from cce:/internal/x/prerequisite-imports as file:///E:/04Project/Cocos/Portal/assets/script/v2/DoorCtrl.ts.
debug: Detected change: file:///E:/04Project/Cocos/Portal/assets/script/v2/DoorCtrl.ts. Last mtime: Tue Sep 06 2022 16:18:17 GMT+0800 (香港标准时间)@07043080-035c-4896-9fca-a37d6b4a5de1, Current mtime: Tue Sep 06 2022 16:20:22 GMT+0800 (香港标准时间)@07043080-035c-4896-9fca-a37d6b4a5de1
debug: Inspect file:///E:/04Project/Cocos/Portal/assets/script/v2/DoorCtrl.ts
debug: Resolve cce:/internal/code-quality/cr.mjs from file:///E:/04Project/Cocos/Portal/assets/script/v2/DoorCtrl.ts as cce:/internal/code-quality/cr.mjs.
debug: Resolve cc from file:///E:/04Project/Cocos/Portal/assets/script/v2/DoorCtrl.ts as cce:/internal/x/cc.
debug: Resolve cc from file:///E:/04Project/Cocos/Portal/assets/script/v2/DoorCtrl.ts as cce:/internal/x/cc.
debug: Resolve cc from file:///E:/04Project/Cocos/Portal/assets/script/v2/DoorCtrl.ts as cce:/internal/x/cc.
debug: Resolve ./Door from file:///E:/04Project/Cocos/Portal/assets/script/v2/DoorCtrl.ts as file:///E:/04Project/Cocos/Portal/assets/script/v2/Door.ts.
debug: Resolve ./trueDoor from file:///E:/04Project/Cocos/Portal/assets/script/v2/DoorCtrl.ts as file:///E:/04Project/Cocos/Portal/assets/script/v2/trueDoor.ts.
debug: Resolve file:///E:/04Project/Cocos/Portal/assets/script/v2/PlayerCtrl.ts from cce:/internal/x/prerequisite-imports as file:///E:/04Project/Cocos/Portal/assets/script/v2/PlayerCtrl.ts.
debug: Resolve file:///E:/04Project/Cocos/Portal/assets/script/v2/trueDoor.ts from cce:/internal/x/prerequisite-imports as file:///E:/04Project/Cocos/Portal/assets/script/v2/trueDoor.ts.
debug: Target(editor) ends with cost 88.36659999983385ms.
debug: Target(preview) build started.
debug: Detected change: cce:/internal/x/prerequisite-imports. Last mtime: Thu Jan 01 1970 08:55:34 GMT+0800 (香港标准时间), Current mtime: Thu Jan 01 1970 08:56:37 GMT+0800 (香港标准时间)
debug: Inspect cce:/internal/x/prerequisite-imports
debug: Resolve file:///E:/04Project/Cocos/Portal/assets/script/v2/CamCtrl.ts from cce:/internal/x/prerequisite-imports as file:///E:/04Project/Cocos/Portal/assets/script/v2/CamCtrl.ts.
debug: Resolve file:///E:/04Project/Cocos/Portal/assets/script/v2/Door.ts from cce:/internal/x/prerequisite-imports as file:///E:/04Project/Cocos/Portal/assets/script/v2/Door.ts.
debug: Resolve file:///E:/04Project/Cocos/Portal/assets/script/v2/DoorCtrl.ts from cce:/internal/x/prerequisite-imports as file:///E:/04Project/Cocos/Portal/assets/script/v2/DoorCtrl.ts.
debug: Detected change: file:///E:/04Project/Cocos/Portal/assets/script/v2/DoorCtrl.ts. Last mtime: Tue Sep 06 2022 16:18:17 GMT+0800 (香港标准时间)@07043080-035c-4896-9fca-a37d6b4a5de1, Current mtime: Tue Sep 06 2022 16:20:22 GMT+0800 (香港标准时间)@07043080-035c-4896-9fca-a37d6b4a5de1
debug: Inspect file:///E:/04Project/Cocos/Portal/assets/script/v2/DoorCtrl.ts
debug: Resolve cce:/internal/code-quality/cr.mjs from file:///E:/04Project/Cocos/Portal/assets/script/v2/DoorCtrl.ts as cce:/internal/code-quality/cr.mjs.
debug: Resolve cc from file:///E:/04Project/Cocos/Portal/assets/script/v2/DoorCtrl.ts as cce:/internal/x/cc.
debug: Resolve cc from file:///E:/04Project/Cocos/Portal/assets/script/v2/DoorCtrl.ts as cce:/internal/x/cc.
debug: Resolve cc from file:///E:/04Project/Cocos/Portal/assets/script/v2/DoorCtrl.ts as cce:/internal/x/cc.
debug: Resolve ./Door from file:///E:/04Project/Cocos/Portal/assets/script/v2/DoorCtrl.ts as file:///E:/04Project/Cocos/Portal/assets/script/v2/Door.ts.
debug: Resolve ./trueDoor from file:///E:/04Project/Cocos/Portal/assets/script/v2/DoorCtrl.ts as file:///E:/04Project/Cocos/Portal/assets/script/v2/trueDoor.ts.
debug: Resolve file:///E:/04Project/Cocos/Portal/assets/script/v2/PlayerCtrl.ts from cce:/internal/x/prerequisite-imports as file:///E:/04Project/Cocos/Portal/assets/script/v2/PlayerCtrl.ts.
debug: Resolve file:///E:/04Project/Cocos/Portal/assets/script/v2/trueDoor.ts from cce:/internal/x/prerequisite-imports as file:///E:/04Project/Cocos/Portal/assets/script/v2/trueDoor.ts.
debug: Target(preview) ends with cost 110.71799999987707ms.
